{"/home/zeeshan/Development/clinzed-backend/src/app.controller.ts": {"path":"/home/zeeshan/Development/clinzed-backend/src/app.controller.ts","statementMap":{"0":{"start":{"line":1,"column":0},"end":{"line":1,"column":44}},"1":{"start":{"line":2,"column":0},"end":{"line":2,"column":43}},"2":{"start":{"line":5,"column":0},"end":{"line":7,"column":null}},"3":{"start":{"line":6,"column":31},"end":{"line":6,"column":43}},"4":{"start":{"line":5,"column":13},"end":{"line":7,"column":null}},"5":{"start":{"line":5,"column":13},"end":{"line":5,"column":26}}},"fnMap":{"0":{"name":"(anonymous_2)","decl":{"start":{"line":6,"column":2},"end":{"line":6,"column":31}},"loc":{"start":{"line":6,"column":53},"end":{"line":6,"column":57}}}},"branchMap":{},"s":{"0":0,"1":0,"2":0,"3":0,"4":0,"5":0},"f":{"0":0},"b":{}}
,"/home/zeeshan/Development/clinzed-backend/src/app.module.ts": {"path":"/home/zeeshan/Development/clinzed-backend/src/app.module.ts","statementMap":{"0":{"start":{"line":1,"column":0},"end":{"line":1,"column":40}},"1":{"start":{"line":2,"column":0},"end":{"line":2,"column":48}},"2":{"start":{"line":3,"column":0},"end":{"line":3,"column":53}},"3":{"start":{"line":4,"column":0},"end":{"line":4,"column":49}},"4":{"start":{"line":5,"column":0},"end":{"line":5,"column":43}},"5":{"start":{"line":6,"column":0},"end":{"line":6,"column":57}},"6":{"start":{"line":7,"column":0},"end":{"line":7,"column":56}},"7":{"start":{"line":8,"column":0},"end":{"line":8,"column":82}},"8":{"start":{"line":9,"column":0},"end":{"line":9,"column":79}},"9":{"start":{"line":10,"column":0},"end":{"line":10,"column":59}},"10":{"start":{"line":11,"column":0},"end":{"line":11,"column":39}},"11":{"start":{"line":12,"column":0},"end":{"line":12,"column":56}},"12":{"start":{"line":13,"column":0},"end":{"line":13,"column":76}},"13":{"start":{"line":14,"column":0},"end":{"line":14,"column":70}},"14":{"start":{"line":15,"column":0},"end":{"line":15,"column":67}},"15":{"start":{"line":16,"column":0},"end":{"line":16,"column":67}},"16":{"start":{"line":17,"column":0},"end":{"line":17,"column":70}},"17":{"start":{"line":18,"column":0},"end":{"line":18,"column":79}},"18":{"start":{"line":19,"column":0},"end":{"line":19,"column":61}},"19":{"start":{"line":20,"column":0},"end":{"line":20,"column":52}},"20":{"start":{"line":21,"column":0},"end":{"line":21,"column":55}},"21":{"start":{"line":22,"column":0},"end":{"line":22,"column":56}},"22":{"start":{"line":23,"column":0},"end":{"line":23,"column":59}},"23":{"start":{"line":24,"column":0},"end":{"line":24,"column":45}},"24":{"start":{"line":25,"column":0},"end":{"line":25,"column":68}},"25":{"start":{"line":26,"column":0},"end":{"line":26,"column":82}},"26":{"start":{"line":27,"column":0},"end":{"line":27,"column":65}},"27":{"start":{"line":28,"column":0},"end":{"line":28,"column":93}},"28":{"start":{"line":29,"column":0},"end":{"line":29,"column":91}},"29":{"start":{"line":30,"column":0},"end":{"line":30,"column":68}},"30":{"start":{"line":31,"column":0},"end":{"line":31,"column":85}},"31":{"start":{"line":32,"column":0},"end":{"line":32,"column":41}},"32":{"start":{"line":33,"column":0},"end":{"line":33,"column":57}},"33":{"start":{"line":34,"column":0},"end":{"line":34,"column":58}},"34":{"start":{"line":96,"column":0},"end":{"line":96,"column":null}},"35":{"start":{"line":96,"column":13},"end":{"line":96,"column":null}},"36":{"start":{"line":52,"column":53},"end":{"line":55,"column":8}},"37":{"start":{"line":60,"column":8},"end":{"line":60,"column":40}},"38":{"start":{"line":96,"column":13},"end":{"line":96,"column":22}}},"fnMap":{"0":{"name":"(anonymous_1)","decl":{"start":{"line":52,"column":18},"end":{"line":52,"column":19}},"loc":{"start":{"line":52,"column":53},"end":{"line":55,"column":8}}},"1":{"name":"(anonymous_2)","decl":{"start":{"line":59,"column":18},"end":{"line":59,"column":19}},"loc":{"start":{"line":60,"column":8},"end":{"line":60,"column":40}}}},"branchMap":{},"s":{"0":0,"1":0,"2":0,"3":0,"4":0,"5":0,"6":0,"7":0,"8":0,"9":0,"10":0,"11":0,"12":0,"13":0,"14":0,"15":0,"16":0,"17":0,"18":0,"19":0,"20":0,"21":0,"22":0,"23":0,"24":0,"25":0,"26":0,"27":0,"28":0,"29":0,"30":0,"31":0,"32":0,"33":0,"34":0,"35":0,"36":0,"37":0,"38":0},"f":{"0":0,"1":0},"b":{}}
,"/home/zeeshan/Development/clinzed-backend/src/app.service.ts": {"path":"/home/zeeshan/Development/clinzed-backend/src/app.service.ts","statementMap":{"0":{"start":{"line":1,"column":0},"end":{"line":1,"column":44}},"1":{"start":{"line":4,"column":0},"end":{"line":4,"column":null}},"2":{"start":{"line":4,"column":13},"end":{"line":4,"column":null}},"3":{"start":{"line":4,"column":13},"end":{"line":4,"column":23}}},"fnMap":{},"branchMap":{},"s":{"0":0,"1":0,"2":0,"3":0},"f":{},"b":{}}
,"/home/zeeshan/Development/clinzed-backend/src/main.ts": {"path":"/home/zeeshan/Development/clinzed-backend/src/main.ts","statementMap":{"0":{"start":{"line":1,"column":0},"end":{"line":1,"column":48}},"1":{"start":{"line":2,"column":0},"end":{"line":2,"column":43}},"2":{"start":{"line":3,"column":0},"end":{"line":3,"column":65}},"3":{"start":{"line":4,"column":0},"end":{"line":4,"column":41}},"4":{"start":{"line":7,"column":14},"end":{"line":9,"column":4}},"5":{"start":{"line":10,"column":2},"end":{"line":10,"column":32}},"6":{"start":{"line":11,"column":17},"end":{"line":16,"column":12}},"7":{"start":{"line":17,"column":19},"end":{"line":17,"column":60}},"8":{"start":{"line":18,"column":2},"end":{"line":18,"column":43}},"9":{"start":{"line":19,"column":2},"end":{"line":19,"column":44}},"10":{"start":{"line":20,"column":15},"end":{"line":20,"column":47}},"11":{"start":{"line":21,"column":2},"end":{"line":21,"column":25}},"12":{"start":{"line":23,"column":0},"end":{"line":23,"column":12}}},"fnMap":{"0":{"name":"bootstrap","decl":{"start":{"line":6,"column":15},"end":{"line":6,"column":24}},"loc":{"start":{"line":6,"column":24},"end":{"line":22,"column":1}}}},"branchMap":{"0":{"loc":{"start":{"line":20,"column":15},"end":{"line":20,"column":47}},"type":"binary-expr","locations":[{"start":{"line":20,"column":15},"end":{"line":20,"column":39}},{"start":{"line":20,"column":43},"end":{"line":20,"column":47}}]}},"s":{"0":0,"1":0,"2":0,"3":0,"4":0,"5":0,"6":0,"7":0,"8":0,"9":0,"10":0,"11":0,"12":0},"f":{"0":0},"b":{"0":[0,0]}}
,"/home/zeeshan/Development/clinzed-backend/src/common/enum.ts": {"path":"/home/zeeshan/Development/clinzed-backend/src/common/enum.ts","statementMap":{"0":{"start":{"line":1,"column":0},"end":{"line":1,"column":null}},"1":{"start":{"line":2,"column":2},"end":{"line":2,"column":null}},"2":{"start":{"line":3,"column":2},"end":{"line":3,"column":null}},"3":{"start":{"line":5,"column":0},"end":{"line":5,"column":null}},"4":{"start":{"line":6,"column":2},"end":{"line":6,"column":null}},"5":{"start":{"line":7,"column":2},"end":{"line":7,"column":null}},"6":{"start":{"line":8,"column":2},"end":{"line":8,"column":null}},"7":{"start":{"line":9,"column":2},"end":{"line":9,"column":null}},"8":{"start":{"line":10,"column":2},"end":{"line":10,"column":null}},"9":{"start":{"line":12,"column":0},"end":{"line":12,"column":null}},"10":{"start":{"line":13,"column":2},"end":{"line":13,"column":null}},"11":{"start":{"line":14,"column":2},"end":{"line":14,"column":null}},"12":{"start":{"line":16,"column":0},"end":{"line":16,"column":null}},"13":{"start":{"line":17,"column":2},"end":{"line":17,"column":null}},"14":{"start":{"line":18,"column":2},"end":{"line":18,"column":null}},"15":{"start":{"line":20,"column":0},"end":{"line":20,"column":null}},"16":{"start":{"line":21,"column":2},"end":{"line":21,"column":null}},"17":{"start":{"line":22,"column":2},"end":{"line":22,"column":null}},"18":{"start":{"line":23,"column":2},"end":{"line":23,"column":null}},"19":{"start":{"line":26,"column":0},"end":{"line":26,"column":null}},"20":{"start":{"line":27,"column":2},"end":{"line":27,"column":null}},"21":{"start":{"line":28,"column":2},"end":{"line":28,"column":null}},"22":{"start":{"line":30,"column":0},"end":{"line":30,"column":null}},"23":{"start":{"line":31,"column":2},"end":{"line":31,"column":null}},"24":{"start":{"line":32,"column":2},"end":{"line":32,"column":null}},"25":{"start":{"line":34,"column":0},"end":{"line":34,"column":null}},"26":{"start":{"line":35,"column":2},"end":{"line":35,"column":null}},"27":{"start":{"line":36,"column":2},"end":{"line":36,"column":null}},"28":{"start":{"line":37,"column":2},"end":{"line":37,"column":null}},"29":{"start":{"line":38,"column":2},"end":{"line":38,"column":null}},"30":{"start":{"line":39,"column":2},"end":{"line":39,"column":null}}},"fnMap":{"0":{"name":"(anonymous_0)","decl":{"start":{"line":1,"column":0},"end":{"line":1,"column":12}},"loc":{"start":{"line":1,"column":16},"end":{"line":4,"column":1}}},"1":{"name":"(anonymous_1)","decl":{"start":{"line":5,"column":0},"end":{"line":5,"column":12}},"loc":{"start":{"line":5,"column":22},"end":{"line":11,"column":1}}},"2":{"name":"(anonymous_2)","decl":{"start":{"line":12,"column":0},"end":{"line":12,"column":12}},"loc":{"start":{"line":12,"column":31},"end":{"line":15,"column":1}}},"3":{"name":"(anonymous_3)","decl":{"start":{"line":16,"column":0},"end":{"line":16,"column":12}},"loc":{"start":{"line":16,"column":24},"end":{"line":19,"column":1}}},"4":{"name":"(anonymous_4)","decl":{"start":{"line":20,"column":0},"end":{"line":20,"column":12}},"loc":{"start":{"line":20,"column":21},"end":{"line":24,"column":1}}},"5":{"name":"(anonymous_5)","decl":{"start":{"line":26,"column":0},"end":{"line":26,"column":12}},"loc":{"start":{"line":26,"column":25},"end":{"line":29,"column":1}}},"6":{"name":"(anonymous_6)","decl":{"start":{"line":30,"column":0},"end":{"line":30,"column":12}},"loc":{"start":{"line":30,"column":23},"end":{"line":33,"column":1}}},"7":{"name":"(anonymous_7)","decl":{"start":{"line":34,"column":0},"end":{"line":34,"column":12}},"loc":{"start":{"line":34,"column":27},"end":{"line":40,"column":1}}}},"branchMap":{"0":{"loc":{"start":{"line":1,"column":12},"end":{"line":1,"column":null}},"type":"binary-expr","locations":[{"start":{"line":1,"column":12},"end":{"line":1,"column":16}},{"start":{"line":1,"column":12},"end":{"line":1,"column":null}}]},"1":{"loc":{"start":{"line":5,"column":12},"end":{"line":5,"column":null}},"type":"binary-expr","locations":[{"start":{"line":5,"column":12},"end":{"line":5,"column":22}},{"start":{"line":5,"column":12},"end":{"line":5,"column":null}}]},"2":{"loc":{"start":{"line":12,"column":12},"end":{"line":12,"column":null}},"type":"binary-expr","locations":[{"start":{"line":12,"column":12},"end":{"line":12,"column":31}},{"start":{"line":12,"column":12},"end":{"line":12,"column":null}}]},"3":{"loc":{"start":{"line":16,"column":12},"end":{"line":16,"column":null}},"type":"binary-expr","locations":[{"start":{"line":16,"column":12},"end":{"line":16,"column":24}},{"start":{"line":16,"column":12},"end":{"line":16,"column":null}}]},"4":{"loc":{"start":{"line":20,"column":12},"end":{"line":20,"column":null}},"type":"binary-expr","locations":[{"start":{"line":20,"column":12},"end":{"line":20,"column":21}},{"start":{"line":20,"column":12},"end":{"line":20,"column":null}}]},"5":{"loc":{"start":{"line":26,"column":12},"end":{"line":26,"column":null}},"type":"binary-expr","locations":[{"start":{"line":26,"column":12},"end":{"line":26,"column":25}},{"start":{"line":26,"column":12},"end":{"line":26,"column":null}}]},"6":{"loc":{"start":{"line":30,"column":12},"end":{"line":30,"column":null}},"type":"binary-expr","locations":[{"start":{"line":30,"column":12},"end":{"line":30,"column":23}},{"start":{"line":30,"column":12},"end":{"line":30,"column":null}}]},"7":{"loc":{"start":{"line":34,"column":12},"end":{"line":34,"column":null}},"type":"binary-expr","locations":[{"start":{"line":34,"column":12},"end":{"line":34,"column":27}},{"start":{"line":34,"column":12},"end":{"line":34,"column":null}}]}},"s":{"0":37,"1":37,"2":37,"3":37,"4":37,"5":37,"6":37,"7":37,"8":37,"9":37,"10":37,"11":37,"12":37,"13":37,"14":37,"15":37,"16":37,"17":37,"18":37,"19":37,"20":37,"21":37,"22":37,"23":37,"24":37,"25":37,"26":37,"27":37,"28":37,"29":37,"30":37},"f":{"0":37,"1":37,"2":37,"3":37,"4":37,"5":37,"6":37,"7":37},"b":{"0":[37,37],"1":[37,37],"2":[37,37],"3":[37,37],"4":[37,37],"5":[37,37],"6":[37,37],"7":[37,37]}}
,"/home/zeeshan/Development/clinzed-backend/src/common/decorators/fields.decorator.ts": {"path":"/home/zeeshan/Development/clinzed-backend/src/common/decorators/fields.decorator.ts","statementMap":{"0":{"start":{"line":1,"column":0},"end":{"line":1,"column":45}},"1":{"start":{"line":2,"column":22},"end":{"line":2,"column":76}},"2":{"start":{"line":2,"column":47},"end":{"line":2,"column":76}},"3":{"start":{"line":2,"column":13},"end":{"line":2,"column":22}}},"fnMap":{"0":{"name":"(anonymous_0)","decl":{"start":{"line":2,"column":22},"end":{"line":2,"column":23}},"loc":{"start":{"line":2,"column":47},"end":{"line":2,"column":76}}}},"branchMap":{},"s":{"0":0,"1":0,"2":0,"3":0},"f":{"0":0},"b":{}}
,"/home/zeeshan/Development/clinzed-backend/src/common/decorators/roles.decorator.ts": {"path":"/home/zeeshan/Development/clinzed-backend/src/common/decorators/roles.decorator.ts","statementMap":{"0":{"start":{"line":1,"column":0},"end":{"line":1,"column":45}},"1":{"start":{"line":2,"column":21},"end":{"line":2,"column":72}},"2":{"start":{"line":2,"column":45},"end":{"line":2,"column":72}},"3":{"start":{"line":2,"column":13},"end":{"line":2,"column":21}}},"fnMap":{"0":{"name":"(anonymous_0)","decl":{"start":{"line":2,"column":21},"end":{"line":2,"column":22}},"loc":{"start":{"line":2,"column":45},"end":{"line":2,"column":72}}}},"branchMap":{},"s":{"0":9,"1":9,"2":18,"3":9},"f":{"0":18},"b":{}}
,"/home/zeeshan/Development/clinzed-backend/src/common/guards/fields.guard.ts": {"path":"/home/zeeshan/Development/clinzed-backend/src/common/guards/fields.guard.ts","statementMap":{"0":{"start":{"line":1,"column":0},"end":{"line":1,"column":null}},"1":{"start":{"line":8,"column":0},"end":{"line":8,"column":41}},"2":{"start":{"line":11,"column":0},"end":{"line":32,"column":null}},"3":{"start":{"line":12,"column":31},"end":{"line":12,"column":42}},"4":{"start":{"line":16,"column":19},"end":{"line":16,"column":79}},"5":{"start":{"line":18,"column":20},"end":{"line":18,"column":55}},"6":{"start":{"line":19,"column":4},"end":{"line":21,"column":null}},"7":{"start":{"line":20,"column":6},"end":{"line":20,"column":18}},"8":{"start":{"line":22,"column":4},"end":{"line":29,"column":7}},"9":{"start":{"line":23,"column":6},"end":{"line":28,"column":null}},"10":{"start":{"line":24,"column":8},"end":{"line":27,"column":10}},"11":{"start":{"line":30,"column":4},"end":{"line":30,"column":16}},"12":{"start":{"line":11,"column":13},"end":{"line":32,"column":null}},"13":{"start":{"line":11,"column":13},"end":{"line":11,"column":23}}},"fnMap":{"0":{"name":"(anonymous_2)","decl":{"start":{"line":12,"column":2},"end":{"line":12,"column":31}},"loc":{"start":{"line":12,"column":51},"end":{"line":12,"column":55}}},"1":{"name":"(anonymous_3)","decl":{"start":{"line":13,"column":2},"end":{"line":13,"column":13}},"loc":{"start":{"line":14,"column":29},"end":{"line":31,"column":3}}},"2":{"name":"(anonymous_4)","decl":{"start":{"line":22,"column":19},"end":{"line":22,"column":20}},"loc":{"start":{"line":22,"column":31},"end":{"line":29,"column":5}}}},"branchMap":{"0":{"loc":{"start":{"line":19,"column":4},"end":{"line":21,"column":null}},"type":"if","locations":[{"start":{"line":19,"column":4},"end":{"line":21,"column":null}}]},"1":{"loc":{"start":{"line":19,"column":8},"end":{"line":19,"column":36}},"type":"binary-expr","locations":[{"start":{"line":19,"column":8},"end":{"line":19,"column":15}},{"start":{"line":19,"column":19},"end":{"line":19,"column":36}}]},"2":{"loc":{"start":{"line":23,"column":6},"end":{"line":28,"column":null}},"type":"if","locations":[{"start":{"line":23,"column":6},"end":{"line":28,"column":null}}]}},"s":{"0":0,"1":0,"2":0,"3":0,"4":0,"5":0,"6":0,"7":0,"8":0,"9":0,"10":0,"11":0,"12":0,"13":0},"f":{"0":0,"1":0,"2":0},"b":{"0":[0],"1":[0,0],"2":[0]}}
,"/home/zeeshan/Development/clinzed-backend/src/common/guards/jwt.guard.ts": {"path":"/home/zeeshan/Development/clinzed-backend/src/common/guards/jwt.guard.ts","statementMap":{"0":{"start":{"line":1,"column":0},"end":{"line":1,"column":44}},"1":{"start":{"line":2,"column":0},"end":{"line":2,"column":45}},"2":{"start":{"line":5,"column":0},"end":{"line":5,"column":null}},"3":{"start":{"line":5,"column":13},"end":{"line":5,"column":null}},"4":{"start":{"line":5,"column":13},"end":{"line":5,"column":25}}},"fnMap":{},"branchMap":{},"s":{"0":14,"1":14,"2":14,"3":14,"4":14},"f":{},"b":{}}
,"/home/zeeshan/Development/clinzed-backend/src/common/guards/roles.guard.ts": {"path":"/home/zeeshan/Development/clinzed-backend/src/common/guards/roles.guard.ts","statementMap":{"0":{"start":{"line":1,"column":0},"end":{"line":1,"column":75}},"1":{"start":{"line":2,"column":0},"end":{"line":2,"column":41}},"2":{"start":{"line":6,"column":0},"end":{"line":25,"column":null}},"3":{"start":{"line":7,"column":31},"end":{"line":7,"column":42}},"4":{"start":{"line":11,"column":18},"end":{"line":11,"column":77}},"5":{"start":{"line":13,"column":4},"end":{"line":15,"column":null}},"6":{"start":{"line":14,"column":6},"end":{"line":14,"column":18}},"7":{"start":{"line":17,"column":20},"end":{"line":17,"column":55}},"8":{"start":{"line":18,"column":23},"end":{"line":18,"column":35}},"9":{"start":{"line":19,"column":4},"end":{"line":23,"column":null}},"10":{"start":{"line":20,"column":6},"end":{"line":20,"column":39}},"11":{"start":{"line":22,"column":6},"end":{"line":22,"column":19}},"12":{"start":{"line":6,"column":13},"end":{"line":25,"column":null}},"13":{"start":{"line":6,"column":13},"end":{"line":6,"column":23}}},"fnMap":{"0":{"name":"(anonymous_2)","decl":{"start":{"line":7,"column":2},"end":{"line":7,"column":31}},"loc":{"start":{"line":7,"column":51},"end":{"line":7,"column":55}}},"1":{"name":"(anonymous_3)","decl":{"start":{"line":8,"column":2},"end":{"line":8,"column":13}},"loc":{"start":{"line":9,"column":29},"end":{"line":24,"column":3}}}},"branchMap":{"0":{"loc":{"start":{"line":13,"column":4},"end":{"line":15,"column":null}},"type":"if","locations":[{"start":{"line":13,"column":4},"end":{"line":15,"column":null}}]},"1":{"loc":{"start":{"line":13,"column":8},"end":{"line":13,"column":34}},"type":"binary-expr","locations":[{"start":{"line":13,"column":8},"end":{"line":13,"column":14}},{"start":{"line":13,"column":18},"end":{"line":13,"column":34}}]},"2":{"loc":{"start":{"line":19,"column":4},"end":{"line":23,"column":null}},"type":"if","locations":[{"start":{"line":19,"column":4},"end":{"line":23,"column":null}},{"start":{"line":21,"column":11},"end":{"line":23,"column":null}}]},"3":{"loc":{"start":{"line":19,"column":8},"end":{"line":19,"column":25}},"type":"binary-expr","locations":[{"start":{"line":19,"column":8},"end":{"line":19,"column":12}},{"start":{"line":19,"column":16},"end":{"line":19,"column":25}}]}},"s":{"0":5,"1":5,"2":5,"3":0,"4":0,"5":0,"6":0,"7":0,"8":0,"9":0,"10":0,"11":0,"12":5,"13":5},"f":{"0":0,"1":0},"b":{"0":[0],"1":[0,0],"2":[0,0],"3":[0,0]}}
,"/home/zeeshan/Development/clinzed-backend/src/common/pipes/sharp.pipe.ts": {"path":"/home/zeeshan/Development/clinzed-backend/src/common/pipes/sharp.pipe.ts","statementMap":{"0":{"start":{"line":1,"column":0},"end":{"line":1,"column":59}},"1":{"start":{"line":2,"column":0},"end":{"line":2,"column":29}},"2":{"start":{"line":3,"column":0},"end":{"line":3,"column":31}},"3":{"start":{"line":5,"column":0},"end":{"line":30,"column":null}},"4":{"start":{"line":9,"column":25},"end":{"line":9,"column":61}},"5":{"start":{"line":10,"column":17},"end":{"line":10,"column":48}},"6":{"start":{"line":11,"column":26},"end":{"line":11,"column":45}},"7":{"start":{"line":12,"column":26},"end":{"line":12,"column":45}},"8":{"start":{"line":13,"column":27},"end":{"line":13,"column":47}},"9":{"start":{"line":15,"column":4},"end":{"line":18,"column":51}},"10":{"start":{"line":19,"column":4},"end":{"line":22,"column":51}},"11":{"start":{"line":23,"column":4},"end":{"line":26,"column":52}},"12":{"start":{"line":28,"column":4},"end":{"line":28,"column":71}},"13":{"start":{"line":5,"column":13},"end":{"line":30,"column":null}},"14":{"start":{"line":5,"column":13},"end":{"line":5,"column":22}}},"fnMap":{"0":{"name":"(anonymous_1)","decl":{"start":{"line":8,"column":2},"end":{"line":8,"column":7}},"loc":{"start":{"line":8,"column":44},"end":{"line":29,"column":3}}}},"branchMap":{"0":{"loc":{"start":{"line":9,"column":36},"end":{"line":9,"column":55}},"type":"cond-expr","locations":[{"start":{"line":9,"column":41},"end":{"line":9,"column":43}},{"start":{"line":9,"column":36},"end":{"line":9,"column":55}}]},"1":{"loc":{"start":{"line":9,"column":36},"end":{"line":9,"column":43}},"type":"binary-expr","locations":[{"start":{"line":9,"column":36},"end":{"line":9,"column":43}},{"start":{"line":9,"column":36},"end":{"line":9,"column":43}}]}},"s":{"0":1,"1":1,"2":1,"3":1,"4":0,"5":0,"6":0,"7":0,"8":0,"9":0,"10":0,"11":0,"12":0,"13":1,"14":1},"f":{"0":0},"b":{"0":[0,0],"1":[0,0]}}
,"/home/zeeshan/Development/clinzed-backend/src/config/configuration.ts": {"path":"/home/zeeshan/Development/clinzed-backend/src/config/configuration.ts","statementMap":{"0":{"start":{"line":1,"column":23},"end":{"line":25,"column":2}},"1":{"start":{"line":1,"column":30},"end":{"line":25,"column":2}},"2":{"start":{"line":27,"column":0},"end":{"line":27,"column":30}}},"fnMap":{"0":{"name":"(anonymous_0)","decl":{"start":{"line":1,"column":23},"end":{"line":1,"column":26}},"loc":{"start":{"line":1,"column":30},"end":{"line":25,"column":2}}}},"branchMap":{"0":{"loc":{"start":{"line":20,"column":8},"end":{"line":20,"column":46}},"type":"binary-expr","locations":[{"start":{"line":20,"column":8},"end":{"line":20,"column":38}},{"start":{"line":20,"column":42},"end":{"line":20,"column":46}}]}},"s":{"0":0,"1":0,"2":0},"f":{"0":0},"b":{"0":[0,0]}}
,"/home/zeeshan/Development/clinzed-backend/src/config/mail.ts": {"path":"/home/zeeshan/Development/clinzed-backend/src/config/mail.ts","statementMap":{"0":{"start":{"line":1,"column":0},"end":{"line":1,"column":92}},"1":{"start":{"line":2,"column":0},"end":{"line":2,"column":28}},"2":{"start":{"line":4,"column":31},"end":{"line":27,"column":1}},"3":{"start":{"line":5,"column":24},"end":{"line":25,"column":4}},"4":{"start":{"line":26,"column":2},"end":{"line":26,"column":23}},"5":{"start":{"line":4,"column":13},"end":{"line":4,"column":31}}},"fnMap":{"0":{"name":"(anonymous_0)","decl":{"start":{"line":4,"column":31},"end":{"line":4,"column":36}},"loc":{"start":{"line":4,"column":55},"end":{"line":27,"column":1}}}},"branchMap":{},"s":{"0":0,"1":0,"2":0,"3":0,"4":0,"5":0},"f":{"0":0},"b":{}}
,"/home/zeeshan/Development/clinzed-backend/src/config/ormconfig.ts": {"path":"/home/zeeshan/Development/clinzed-backend/src/config/ormconfig.ts","statementMap":{"0":{"start":{"line":3,"column":33},"end":{"line":25,"column":1}},"1":{"start":{"line":4,"column":41},"end":{"line":23,"column":4}},"2":{"start":{"line":24,"column":2},"end":{"line":24,"column":21}},"3":{"start":{"line":3,"column":13},"end":{"line":3,"column":33}},"4":{"start":{"line":26,"column":0},"end":{"line":26,"column":33}}},"fnMap":{"0":{"name":"(anonymous_0)","decl":{"start":{"line":3,"column":33},"end":{"line":3,"column":34}},"loc":{"start":{"line":3,"column":51},"end":{"line":25,"column":1}}}},"branchMap":{},"s":{"0":0,"1":0,"2":0,"3":0,"4":0},"f":{"0":0},"b":{}}
,"/home/zeeshan/Development/clinzed-backend/src/config/stripe.ts": {"path":"/home/zeeshan/Development/clinzed-backend/src/config/stripe.ts","statementMap":{"0":{"start":{"line":1,"column":28},"end":{"line":7,"column":1}},"1":{"start":{"line":2,"column":17},"end":{"line":5,"column":4}},"2":{"start":{"line":6,"column":2},"end":{"line":6,"column":16}},"3":{"start":{"line":1,"column":13},"end":{"line":1,"column":28}}},"fnMap":{"0":{"name":"(anonymous_0)","decl":{"start":{"line":1,"column":28},"end":{"line":1,"column":33}},"loc":{"start":{"line":1,"column":52},"end":{"line":7,"column":1}}}},"branchMap":{},"s":{"0":0,"1":0,"2":0,"3":0},"f":{"0":0},"b":{}}
,"/home/zeeshan/Development/clinzed-backend/src/config/validation.ts": {"path":"/home/zeeshan/Development/clinzed-backend/src/config/validation.ts","statementMap":{"0":{"start":{"line":1,"column":0},"end":{"line":1,"column":27}},"1":{"start":{"line":3,"column":13},"end":{"line":25,"column":3}}},"fnMap":{},"branchMap":{},"s":{"0":0,"1":0},"f":{},"b":{}}
,"/home/zeeshan/Development/clinzed-backend/src/modules/address/address.controller.ts": {"path":"/home/zeeshan/Development/clinzed-backend/src/modules/address/address.controller.ts","statementMap":{"0":{"start":{"line":1,"column":0},"end":{"line":1,"column":null}},"1":{"start":{"line":12,"column":0},"end":{"line":12,"column":51}},"2":{"start":{"line":13,"column":0},"end":{"line":13,"column":60}},"3":{"start":{"line":14,"column":0},"end":{"line":14,"column":60}},"4":{"start":{"line":17,"column":0},"end":{"line":42,"column":null}},"5":{"start":{"line":18,"column":31},"end":{"line":18,"column":47}},"6":{"start":{"line":22,"column":4},"end":{"line":22,"column":56}},"7":{"start":{"line":27,"column":4},"end":{"line":27,"column":63}},"8":{"start":{"line":32,"column":4},"end":{"line":32,"column":50}},"9":{"start":{"line":40,"column":4},"end":{"line":40,"column":67}},"10":{"start":{"line":21,"column":2},"end":{"line":23,"column":null}},"11":{"start":{"line":26,"column":2},"end":{"line":28,"column":null}},"12":{"start":{"line":31,"column":2},"end":{"line":33,"column":null}},"13":{"start":{"line":36,"column":2},"end":{"line":41,"column":null}},"14":{"start":{"line":17,"column":13},"end":{"line":42,"column":null}},"15":{"start":{"line":17,"column":13},"end":{"line":17,"column":30}}},"fnMap":{"0":{"name":"(anonymous_4)","decl":{"start":{"line":18,"column":2},"end":{"line":18,"column":31}},"loc":{"start":{"line":18,"column":61},"end":{"line":18,"column":65}}},"1":{"name":"(anonymous_5)","decl":{"start":{"line":21,"column":2},"end":{"line":21,"column":7}},"loc":{"start":{"line":21,"column":57},"end":{"line":23,"column":3}}},"2":{"name":"(anonymous_6)","decl":{"start":{"line":26,"column":2},"end":{"line":26,"column":7}},"loc":{"start":{"line":26,"column":49},"end":{"line":28,"column":3}}},"3":{"name":"(anonymous_7)","decl":{"start":{"line":31,"column":2},"end":{"line":31,"column":7}},"loc":{"start":{"line":31,"column":39},"end":{"line":33,"column":3}}},"4":{"name":"(anonymous_8)","decl":{"start":{"line":36,"column":2},"end":{"line":36,"column":7}},"loc":{"start":{"line":38,"column":46},"end":{"line":41,"column":3}}}},"branchMap":{},"s":{"0":1,"1":1,"2":1,"3":1,"4":1,"5":0,"6":0,"7":0,"8":0,"9":0,"10":1,"11":1,"12":1,"13":1,"14":1,"15":1},"f":{"0":0,"1":0,"2":0,"3":0,"4":0},"b":{}}
,"/home/zeeshan/Development/clinzed-backend/src/modules/address/address.module.ts": {"path":"/home/zeeshan/Development/clinzed-backend/src/modules/address/address.module.ts","statementMap":{"0":{"start":{"line":1,"column":0},"end":{"line":1,"column":40}},"1":{"start":{"line":2,"column":0},"end":{"line":2,"column":51}},"2":{"start":{"line":3,"column":0},"end":{"line":3,"column":57}},"3":{"start":{"line":4,"column":0},"end":{"line":4,"column":48}},"4":{"start":{"line":5,"column":0},"end":{"line":5,"column":52}},"5":{"start":{"line":6,"column":0},"end":{"line":6,"column":75}},"6":{"start":{"line":14,"column":0},"end":{"line":14,"column":null}},"7":{"start":{"line":14,"column":13},"end":{"line":14,"column":null}},"8":{"start":{"line":14,"column":13},"end":{"line":14,"column":26}}},"fnMap":{},"branchMap":{},"s":{"0":0,"1":0,"2":0,"3":0,"4":0,"5":0,"6":0,"7":0,"8":0},"f":{},"b":{}}
,"/home/zeeshan/Development/clinzed-backend/src/modules/address/address.service.ts": {"path":"/home/zeeshan/Development/clinzed-backend/src/modules/address/address.service.ts","statementMap":{"0":{"start":{"line":1,"column":0},"end":{"line":1,"column":59}},"1":{"start":{"line":2,"column":0},"end":{"line":2,"column":51}},"2":{"start":{"line":3,"column":0},"end":{"line":3,"column":37}},"3":{"start":{"line":6,"column":0},"end":{"line":6,"column":77}},"4":{"start":{"line":8,"column":0},"end":{"line":8,"column":47}},"5":{"start":{"line":11,"column":0},"end":{"line":11,"column":52}},"6":{"start":{"line":13,"column":23},"end":{"line":13,"column":51}},"7":{"start":{"line":15,"column":0},"end":{"line":82,"column":null}},"8":{"start":{"line":17,"column":21},"end":{"line":17,"column":42}},"9":{"start":{"line":19,"column":21},"end":{"line":19,"column":40}},"10":{"start":{"line":22,"column":4},"end":{"line":35,"column":null}},"11":{"start":{"line":23,"column":20},"end":{"line":23,"column":67}},"12":{"start":{"line":25,"column":50},"end":{"line":27,"column":null}},"13":{"start":{"line":28,"column":6},"end":{"line":30,"column":null}},"14":{"start":{"line":29,"column":8},"end":{"line":29,"column":null}},"15":{"start":{"line":31,"column":6},"end":{"line":31,"column":59}},"16":{"start":{"line":32,"column":6},"end":{"line":32,"column":21}},"17":{"start":{"line":34,"column":6},"end":{"line":34,"column":59}},"18":{"start":{"line":40,"column":4},"end":{"line":54,"column":null}},"19":{"start":{"line":41,"column":22},"end":{"line":41,"column":74}},"20":{"start":{"line":42,"column":6},"end":{"line":42,"column":55}},"21":{"start":{"line":43,"column":25},"end":{"line":43,"column":53}},"22":{"start":{"line":45,"column":6},"end":{"line":49,"column":null}},"23":{"start":{"line":46,"column":22},"end":{"line":46,"column":34}},"24":{"start":{"line":48,"column":8},"end":{"line":48,"column":29}},"25":{"start":{"line":50,"column":22},"end":{"line":50,"column":43}},"26":{"start":{"line":51,"column":6},"end":{"line":51,"column":21}},"27":{"start":{"line":53,"column":6},"end":{"line":53,"column":59}},"28":{"start":{"line":58,"column":4},"end":{"line":66,"column":null}},"29":{"start":{"line":59,"column":22},"end":{"line":62,"column":8}},"30":{"start":{"line":63,"column":6},"end":{"line":63,"column":21}},"31":{"start":{"line":65,"column":6},"end":{"line":65,"column":59}},"32":{"start":{"line":70,"column":4},"end":{"line":80,"column":null}},"33":{"start":{"line":71,"column":20},"end":{"line":71,"column":42}},"34":{"start":{"line":73,"column":6},"end":{"line":76,"column":9}},"35":{"start":{"line":77,"column":6},"end":{"line":77,"column":21}},"36":{"start":{"line":79,"column":6},"end":{"line":79,"column":59}},"37":{"start":{"line":15,"column":13},"end":{"line":82,"column":null}},"38":{"start":{"line":15,"column":13},"end":{"line":15,"column":27}}},"fnMap":{"0":{"name":"(anonymous_4)","decl":{"start":{"line":16,"column":2},"end":{"line":16,"column":null}},"loc":{"start":{"line":19,"column":59},"end":{"line":20,"column":6}}},"1":{"name":"(anonymous_5)","decl":{"start":{"line":21,"column":2},"end":{"line":21,"column":7}},"loc":{"start":{"line":21,"column":49},"end":{"line":36,"column":3}}},"2":{"name":"(anonymous_6)","decl":{"start":{"line":39,"column":2},"end":{"line":39,"column":7}},"loc":{"start":{"line":39,"column":46},"end":{"line":55,"column":3}}},"3":{"name":"(anonymous_7)","decl":{"start":{"line":57,"column":2},"end":{"line":57,"column":7}},"loc":{"start":{"line":57,"column":26},"end":{"line":67,"column":3}}},"4":{"name":"(anonymous_8)","decl":{"start":{"line":69,"column":2},"end":{"line":69,"column":7}},"loc":{"start":{"line":69,"column":61},"end":{"line":81,"column":3}}}},"branchMap":{"0":{"loc":{"start":{"line":28,"column":6},"end":{"line":30,"column":null}},"type":"if","locations":[{"start":{"line":28,"column":6},"end":{"line":30,"column":null}}]},"1":{"loc":{"start":{"line":45,"column":6},"end":{"line":49,"column":null}},"type":"if","locations":[{"start":{"line":45,"column":6},"end":{"line":49,"column":null}}]}},"s":{"0":6,"1":6,"2":6,"3":6,"4":6,"5":6,"6":6,"7":6,"8":0,"9":0,"10":0,"11":0,"12":0,"13":0,"14":0,"15":0,"16":0,"17":0,"18":0,"19":0,"20":0,"21":0,"22":0,"23":0,"24":0,"25":0,"26":0,"27":0,"28":0,"29":0,"30":0,"31":0,"32":0,"33":0,"34":0,"35":0,"36":0,"37":6,"38":6},"f":{"0":0,"1":0,"2":0,"3":0,"4":0},"b":{"0":[0],"1":[0]}}
,"/home/zeeshan/Development/clinzed-backend/src/modules/address/dto/create-address.dto.ts": {"path":"/home/zeeshan/Development/clinzed-backend/src/modules/address/dto/create-address.dto.ts","statementMap":{"0":{"start":{"line":1,"column":0},"end":{"line":1,"column":46}},"1":{"start":{"line":2,"column":0},"end":{"line":2,"column":45}},"2":{"start":{"line":7,"column":2},"end":{"line":7,"column":null}},"3":{"start":{"line":10,"column":2},"end":{"line":10,"column":null}},"4":{"start":{"line":13,"column":2},"end":{"line":13,"column":null}},"5":{"start":{"line":16,"column":2},"end":{"line":16,"column":null}},"6":{"start":{"line":18,"column":2},"end":{"line":18,"column":null}},"7":{"start":{"line":4,"column":0},"end":{"line":4,"column":13}}},"fnMap":{},"branchMap":{},"s":{"0":1,"1":1,"2":1,"3":1,"4":1,"5":1,"6":1,"7":1},"f":{},"b":{}}
,"/home/zeeshan/Development/clinzed-backend/src/modules/address/dto/update-address.dto.ts": {"path":"/home/zeeshan/Development/clinzed-backend/src/modules/address/dto/update-address.dto.ts","statementMap":{"0":{"start":{"line":1,"column":0},"end":{"line":1,"column":46}},"1":{"start":{"line":2,"column":0},"end":{"line":2,"column":56}},"2":{"start":{"line":4,"column":0},"end":{"line":4,"column":13}}},"fnMap":{},"branchMap":{},"s":{"0":1,"1":1,"2":1},"f":{},"b":{}}
,"/home/zeeshan/Development/clinzed-backend/src/modules/address/entities/address.entity.ts": {"path":"/home/zeeshan/Development/clinzed-backend/src/modules/address/entities/address.entity.ts","statementMap":{"0":{"start":{"line":1,"column":0},"end":{"line":1,"column":87}},"1":{"start":{"line":2,"column":0},"end":{"line":2,"column":73}},"2":{"start":{"line":3,"column":0},"end":{"line":3,"column":null}},"3":{"start":{"line":14,"column":0},"end":{"line":47,"column":null}},"4":{"start":{"line":16,"column":2},"end":{"line":16,"column":null}},"5":{"start":{"line":18,"column":2},"end":{"line":18,"column":null}},"6":{"start":{"line":20,"column":2},"end":{"line":20,"column":null}},"7":{"start":{"line":22,"column":2},"end":{"line":22,"column":null}},"8":{"start":{"line":24,"column":2},"end":{"line":24,"column":null}},"9":{"start":{"line":29,"column":2},"end":{"line":29,"column":null}},"10":{"start":{"line":25,"column":19},"end":{"line":25,"column":31}},"11":{"start":{"line":25,"column":51},"end":{"line":25,"column":71}},"12":{"start":{"line":34,"column":2},"end":{"line":34,"column":null}},"13":{"start":{"line":30,"column":19},"end":{"line":30,"column":27}},"14":{"start":{"line":30,"column":43},"end":{"line":30,"column":59}},"15":{"start":{"line":39,"column":2},"end":{"line":39,"column":null}},"16":{"start":{"line":37,"column":19},"end":{"line":37,"column":41}},"17":{"start":{"line":46,"column":2},"end":{"line":46,"column":null}},"18":{"start":{"line":43,"column":19},"end":{"line":43,"column":41}},"19":{"start":{"line":14,"column":13},"end":{"line":47,"column":null}},"20":{"start":{"line":14,"column":13},"end":{"line":14,"column":20}}},"fnMap":{"0":{"name":"(anonymous_2)","decl":{"start":{"line":25,"column":13},"end":{"line":25,"column":16}},"loc":{"start":{"line":25,"column":19},"end":{"line":25,"column":31}}},"1":{"name":"(anonymous_3)","decl":{"start":{"line":25,"column":33},"end":{"line":25,"column":34}},"loc":{"start":{"line":25,"column":51},"end":{"line":25,"column":71}}},"2":{"name":"(anonymous_4)","decl":{"start":{"line":30,"column":13},"end":{"line":30,"column":16}},"loc":{"start":{"line":30,"column":19},"end":{"line":30,"column":27}}},"3":{"name":"(anonymous_5)","decl":{"start":{"line":30,"column":29},"end":{"line":30,"column":30}},"loc":{"start":{"line":30,"column":43},"end":{"line":30,"column":59}}},"4":{"name":"(anonymous_6)","decl":{"start":{"line":37,"column":13},"end":{"line":37,"column":16}},"loc":{"start":{"line":37,"column":19},"end":{"line":37,"column":41}}},"5":{"name":"(anonymous_7)","decl":{"start":{"line":43,"column":13},"end":{"line":43,"column":16}},"loc":{"start":{"line":43,"column":19},"end":{"line":43,"column":41}}}},"branchMap":{},"s":{"0":37,"1":37,"2":37,"3":37,"4":37,"5":37,"6":37,"7":37,"8":37,"9":37,"10":0,"11":0,"12":37,"13":0,"14":0,"15":37,"16":0,"17":37,"18":0,"19":37,"20":37},"f":{"0":0,"1":0,"2":0,"3":0,"4":0,"5":0},"b":{}}
,"/home/zeeshan/Development/clinzed-backend/src/modules/auth/auth.controller.ts": {"path":"/home/zeeshan/Development/clinzed-backend/src/modules/auth/auth.controller.ts","statementMap":{"0":{"start":{"line":1,"column":0},"end":{"line":1,"column":null}},"1":{"start":{"line":14,"column":0},"end":{"line":14,"column":45}},"2":{"start":{"line":15,"column":0},"end":{"line":15,"column":51}},"3":{"start":{"line":18,"column":0},"end":{"line":18,"column":45}},"4":{"start":{"line":19,"column":0},"end":{"line":19,"column":47}},"5":{"start":{"line":20,"column":0},"end":{"line":20,"column":49}},"6":{"start":{"line":24,"column":0},"end":{"line":62,"column":null}},"7":{"start":{"line":25,"column":31},"end":{"line":25,"column":44}},"8":{"start":{"line":30,"column":4},"end":{"line":30,"column":60}},"9":{"start":{"line":36,"column":4},"end":{"line":36,"column":53}},"10":{"start":{"line":40,"column":4},"end":{"line":40,"column":55}},"11":{"start":{"line":44,"column":4},"end":{"line":44,"column":57}},"12":{"start":{"line":48,"column":4},"end":{"line":48,"column":56}},"13":{"start":{"line":52,"column":4},"end":{"line":52,"column":56}},"14":{"start":{"line":56,"column":4},"end":{"line":60,"column":null}},"15":{"start":{"line":57,"column":6},"end":{"line":57,"column":63}},"16":{"start":{"line":59,"column":6},"end":{"line":59,"column":79}},"17":{"start":{"line":29,"column":2},"end":{"line":31,"column":null}},"18":{"start":{"line":35,"column":2},"end":{"line":37,"column":null}},"19":{"start":{"line":39,"column":2},"end":{"line":41,"column":null}},"20":{"start":{"line":43,"column":2},"end":{"line":45,"column":null}},"21":{"start":{"line":47,"column":2},"end":{"line":49,"column":null}},"22":{"start":{"line":51,"column":2},"end":{"line":53,"column":null}},"23":{"start":{"line":55,"column":2},"end":{"line":61,"column":null}},"24":{"start":{"line":24,"column":13},"end":{"line":62,"column":null}},"25":{"start":{"line":24,"column":13},"end":{"line":24,"column":27}}},"fnMap":{"0":{"name":"(anonymous_4)","decl":{"start":{"line":25,"column":2},"end":{"line":25,"column":31}},"loc":{"start":{"line":25,"column":55},"end":{"line":25,"column":59}}},"1":{"name":"(anonymous_5)","decl":{"start":{"line":29,"column":2},"end":{"line":29,"column":7}},"loc":{"start":{"line":29,"column":28},"end":{"line":31,"column":3}}},"2":{"name":"(anonymous_6)","decl":{"start":{"line":35,"column":2},"end":{"line":35,"column":7}},"loc":{"start":{"line":35,"column":48},"end":{"line":37,"column":3}}},"3":{"name":"(anonymous_7)","decl":{"start":{"line":39,"column":2},"end":{"line":39,"column":7}},"loc":{"start":{"line":39,"column":62},"end":{"line":41,"column":3}}},"4":{"name":"(anonymous_8)","decl":{"start":{"line":43,"column":2},"end":{"line":43,"column":7}},"loc":{"start":{"line":43,"column":64},"end":{"line":45,"column":3}}},"5":{"name":"(anonymous_9)","decl":{"start":{"line":47,"column":2},"end":{"line":47,"column":7}},"loc":{"start":{"line":47,"column":39},"end":{"line":49,"column":3}}},"6":{"name":"(anonymous_10)","decl":{"start":{"line":51,"column":2},"end":{"line":51,"column":7}},"loc":{"start":{"line":51,"column":43},"end":{"line":53,"column":3}}},"7":{"name":"(anonymous_11)","decl":{"start":{"line":55,"column":2},"end":{"line":55,"column":7}},"loc":{"start":{"line":55,"column":57},"end":{"line":61,"column":3}}}},"branchMap":{},"s":{"0":1,"1":1,"2":1,"3":1,"4":1,"5":1,"6":1,"7":62,"8":8,"9":5,"10":6,"11":6,"12":6,"13":6,"14":6,"15":6,"16":2,"17":1,"18":1,"19":1,"20":1,"21":1,"22":1,"23":1,"24":1,"25":1},"f":{"0":62,"1":8,"2":5,"3":6,"4":6,"5":6,"6":6,"7":6},"b":{}}
,"/home/zeeshan/Development/clinzed-backend/src/modules/auth/auth.module.ts": {"path":"/home/zeeshan/Development/clinzed-backend/src/modules/auth/auth.module.ts","statementMap":{"0":{"start":{"line":1,"column":0},"end":{"line":1,"column":40}},"1":{"start":{"line":2,"column":0},"end":{"line":2,"column":45}},"2":{"start":{"line":3,"column":0},"end":{"line":3,"column":51}},"3":{"start":{"line":4,"column":0},"end":{"line":4,"column":50}},"4":{"start":{"line":5,"column":0},"end":{"line":5,"column":58}},"5":{"start":{"line":6,"column":0},"end":{"line":6,"column":40}},"6":{"start":{"line":7,"column":0},"end":{"line":7,"column":54}},"7":{"start":{"line":8,"column":0},"end":{"line":8,"column":50}},"8":{"start":{"line":9,"column":0},"end":{"line":9,"column":49}},"9":{"start":{"line":24,"column":0},"end":{"line":24,"column":null}},"10":{"start":{"line":24,"column":13},"end":{"line":24,"column":null}},"11":{"start":{"line":24,"column":13},"end":{"line":24,"column":23}}},"fnMap":{},"branchMap":{},"s":{"0":0,"1":0,"2":0,"3":0,"4":0,"5":0,"6":0,"7":0,"8":0,"9":0,"10":0,"11":0},"f":{},"b":{}}
,"/home/zeeshan/Development/clinzed-backend/src/modules/auth/auth.service.ts": {"path":"/home/zeeshan/Development/clinzed-backend/src/modules/auth/auth.service.ts","statementMap":{"0":{"start":{"line":1,"column":0},"end":{"line":1,"column":null}},"1":{"start":{"line":7,"column":0},"end":{"line":7,"column":41}},"2":{"start":{"line":8,"column":0},"end":{"line":8,"column":51}},"3":{"start":{"line":9,"column":0},"end":{"line":9,"column":45}},"4":{"start":{"line":10,"column":0},"end":{"line":10,"column":51}},"5":{"start":{"line":13,"column":0},"end":{"line":13,"column":52}},"6":{"start":{"line":17,"column":14},"end":{"line":17,"column":38}},"7":{"start":{"line":19,"column":15},"end":{"line":19,"column":61}},"8":{"start":{"line":22,"column":0},"end":{"line":250,"column":null}},"9":{"start":{"line":24,"column":21},"end":{"line":24,"column":34}},"10":{"start":{"line":25,"column":21},"end":{"line":25,"column":33}},"11":{"start":{"line":26,"column":21},"end":{"line":26,"column":34}},"12":{"start":{"line":30,"column":4},"end":{"line":57,"column":null}},"13":{"start":{"line":32,"column":19},"end":{"line":32,"column":68}},"14":{"start":{"line":33,"column":6},"end":{"line":38,"column":null}},"15":{"start":{"line":34,"column":8},"end":{"line":37,"column":10}},"16":{"start":{"line":39,"column":6},"end":{"line":44,"column":null}},"17":{"start":{"line":40,"column":8},"end":{"line":43,"column":10}},"18":{"start":{"line":47,"column":20},"end":{"line":47,"column":79}},"19":{"start":{"line":48,"column":6},"end":{"line":50,"column":null}},"20":{"start":{"line":49,"column":8},"end":{"line":49,"column":76}},"21":{"start":{"line":53,"column":38},"end":{"line":53,"column":42}},"22":{"start":{"line":53,"column":33},"end":{"line":53,"column":38}},"23":{"start":{"line":54,"column":6},"end":{"line":54,"column":20}},"24":{"start":{"line":56,"column":6},"end":{"line":56,"column":79}},"25":{"start":{"line":60,"column":4},"end":{"line":66,"column":null}},"26":{"start":{"line":61,"column":6},"end":{"line":61,"column":71}},"27":{"start":{"line":62,"column":20},"end":{"line":62,"column":78}},"28":{"start":{"line":63,"column":6},"end":{"line":63,"column":29}},"29":{"start":{"line":65,"column":6},"end":{"line":65,"column":59}},"30":{"start":{"line":69,"column":4},"end":{"line":85,"column":null}},"31":{"start":{"line":70,"column":29},"end":{"line":75,"column":8}},"32":{"start":{"line":76,"column":6},"end":{"line":76,"column":52}},"33":{"start":{"line":77,"column":20},"end":{"line":80,"column":8}},"34":{"start":{"line":82,"column":6},"end":{"line":82,"column":19}},"35":{"start":{"line":84,"column":6},"end":{"line":84,"column":79}},"36":{"start":{"line":88,"column":4},"end":{"line":127,"column":null}},"37":{"start":{"line":89,"column":31},"end":{"line":90,"column":null}},"38":{"start":{"line":92,"column":6},"end":{"line":97,"column":null}},"39":{"start":{"line":93,"column":8},"end":{"line":96,"column":10}},"40":{"start":{"line":98,"column":30},"end":{"line":99,"column":null}},"41":{"start":{"line":101,"column":20},"end":{"line":103,"column":null}},"42":{"start":{"line":106,"column":6},"end":{"line":111,"column":null}},"43":{"start":{"line":107,"column":8},"end":{"line":110,"column":10}},"44":{"start":{"line":112,"column":19},"end":{"line":114,"column":null}},"45":{"start":{"line":116,"column":20},"end":{"line":116,"column":50}},"46":{"start":{"line":120,"column":6},"end":{"line":120,"column":63}},"47":{"start":{"line":122,"column":38},"end":{"line":122,"column":42}},"48":{"start":{"line":122,"column":33},"end":{"line":122,"column":38}},"49":{"start":{"line":124,"column":6},"end":{"line":124,"column":30}},"50":{"start":{"line":126,"column":6},"end":{"line":126,"column":79}},"51":{"start":{"line":130,"column":4},"end":{"line":154,"column":null}},"52":{"start":{"line":131,"column":23},"end":{"line":140,"column":8}},"53":{"start":{"line":141,"column":45},"end":{"line":148,"column":8}},"54":{"start":{"line":150,"column":19},"end":{"line":150,"column":70}},"55":{"start":{"line":151,"column":6},"end":{"line":151,"column":36}},"56":{"start":{"line":153,"column":6},"end":{"line":153,"column":79}},"57":{"start":{"line":157,"column":4},"end":{"line":177,"column":null}},"58":{"start":{"line":158,"column":21},"end":{"line":160,"column":8}},"59":{"start":{"line":161,"column":22},"end":{"line":161,"column":41}},"60":{"start":{"line":162,"column":6},"end":{"line":164,"column":null}},"61":{"start":{"line":163,"column":8},"end":{"line":163,"column":69}},"62":{"start":{"line":166,"column":45},"end":{"line":172,"column":8}},"63":{"start":{"line":173,"column":19},"end":{"line":173,"column":70}},"64":{"start":{"line":174,"column":6},"end":{"line":174,"column":36}},"65":{"start":{"line":176,"column":6},"end":{"line":176,"column":79}},"66":{"start":{"line":180,"column":23},"end":{"line":180,"column":65}},"67":{"start":{"line":181,"column":4},"end":{"line":183,"column":null}},"68":{"start":{"line":182,"column":6},"end":{"line":182,"column":70}},"69":{"start":{"line":184,"column":15},"end":{"line":184,"column":67}},"70":{"start":{"line":185,"column":4},"end":{"line":185,"column":56}},"71":{"start":{"line":186,"column":18},"end":{"line":186,"column":48}},"72":{"start":{"line":188,"column":4},"end":{"line":188,"column":27}},"73":{"start":{"line":191,"column":4},"end":{"line":207,"column":null}},"74":{"start":{"line":192,"column":19},"end":{"line":192,"column":63}},"75":{"start":{"line":194,"column":6},"end":{"line":199,"column":null}},"76":{"start":{"line":195,"column":8},"end":{"line":198,"column":10}},"77":{"start":{"line":201,"column":20},"end":{"line":201,"column":50}},"78":{"start":{"line":203,"column":6},"end":{"line":203,"column":56}},"79":{"start":{"line":204,"column":6},"end":{"line":204,"column":62}},"80":{"start":{"line":206,"column":6},"end":{"line":206,"column":59}},"81":{"start":{"line":211,"column":4},"end":{"line":248,"column":null}},"82":{"start":{"line":212,"column":26},"end":{"line":212,"column":61}},"83":{"start":{"line":213,"column":6},"end":{"line":215,"column":null}},"84":{"start":{"line":214,"column":8},"end":{"line":214,"column":72}},"85":{"start":{"line":216,"column":30},"end":{"line":217,"column":null}},"86":{"start":{"line":219,"column":20},"end":{"line":221,"column":null}},"87":{"start":{"line":224,"column":6},"end":{"line":229,"column":null}},"88":{"start":{"line":225,"column":8},"end":{"line":228,"column":10}},"89":{"start":{"line":231,"column":19},"end":{"line":231,"column":78}},"90":{"start":{"line":233,"column":6},"end":{"line":238,"column":null}},"91":{"start":{"line":234,"column":8},"end":{"line":237,"column":10}},"92":{"start":{"line":239,"column":6},"end":{"line":239,"column":38}},"93":{"start":{"line":240,"column":26},"end":{"line":240,"column":69}},"94":{"start":{"line":242,"column":6},"end":{"line":245,"column":8}},"95":{"start":{"line":247,"column":6},"end":{"line":247,"column":59}},"96":{"start":{"line":22,"column":13},"end":{"line":250,"column":null}},"97":{"start":{"line":22,"column":13},"end":{"line":22,"column":24}}},"fnMap":{"0":{"name":"(anonymous_3)","decl":{"start":{"line":23,"column":2},"end":{"line":23,"column":null}},"loc":{"start":{"line":26,"column":45},"end":{"line":27,"column":6}}},"1":{"name":"(anonymous_4)","decl":{"start":{"line":29,"column":2},"end":{"line":29,"column":7}},"loc":{"start":{"line":29,"column":53},"end":{"line":58,"column":3}}},"2":{"name":"(anonymous_5)","decl":{"start":{"line":59,"column":9},"end":{"line":59,"column":14}},"loc":{"start":{"line":59,"column":46},"end":{"line":67,"column":3}}},"3":{"name":"(anonymous_6)","decl":{"start":{"line":68,"column":9},"end":{"line":68,"column":14}},"loc":{"start":{"line":68,"column":57},"end":{"line":86,"column":3}}},"4":{"name":"(anonymous_7)","decl":{"start":{"line":87,"column":2},"end":{"line":87,"column":7}},"loc":{"start":{"line":87,"column":43},"end":{"line":128,"column":3}}},"5":{"name":"(anonymous_8)","decl":{"start":{"line":129,"column":2},"end":{"line":129,"column":7}},"loc":{"start":{"line":129,"column":34},"end":{"line":155,"column":3}}},"6":{"name":"(anonymous_9)","decl":{"start":{"line":156,"column":2},"end":{"line":156,"column":7}},"loc":{"start":{"line":156,"column":35},"end":{"line":178,"column":3}}},"7":{"name":"(anonymous_10)","decl":{"start":{"line":179,"column":2},"end":{"line":179,"column":7}},"loc":{"start":{"line":179,"column":33},"end":{"line":189,"column":3}}},"8":{"name":"(anonymous_11)","decl":{"start":{"line":190,"column":9},"end":{"line":190,"column":14}},"loc":{"start":{"line":190,"column":43},"end":{"line":209,"column":3}}},"9":{"name":"(anonymous_12)","decl":{"start":{"line":210,"column":9},"end":{"line":210,"column":14}},"loc":{"start":{"line":210,"column":40},"end":{"line":249,"column":3}}}},"branchMap":{"0":{"loc":{"start":{"line":33,"column":6},"end":{"line":38,"column":null}},"type":"if","locations":[{"start":{"line":33,"column":6},"end":{"line":38,"column":null}}]},"1":{"loc":{"start":{"line":39,"column":6},"end":{"line":44,"column":null}},"type":"if","locations":[{"start":{"line":39,"column":6},"end":{"line":44,"column":null}}]},"2":{"loc":{"start":{"line":48,"column":6},"end":{"line":50,"column":null}},"type":"if","locations":[{"start":{"line":48,"column":6},"end":{"line":50,"column":null}}]},"3":{"loc":{"start":{"line":61,"column":37},"end":{"line":61,"column":63}},"type":"binary-expr","locations":[{"start":{"line":61,"column":37},"end":{"line":61,"column":54}},{"start":{"line":61,"column":58},"end":{"line":61,"column":63}}]},"4":{"loc":{"start":{"line":61,"column":37},"end":{"line":61,"column":54}},"type":"cond-expr","locations":[{"start":{"line":61,"column":46},"end":{"line":61,"column":48}},{"start":{"line":61,"column":37},"end":{"line":61,"column":54}}]},"5":{"loc":{"start":{"line":61,"column":37},"end":{"line":61,"column":48}},"type":"binary-expr","locations":[{"start":{"line":61,"column":37},"end":{"line":61,"column":48}},{"start":{"line":61,"column":37},"end":{"line":61,"column":48}}]},"6":{"loc":{"start":{"line":62,"column":51},"end":{"line":62,"column":77}},"type":"binary-expr","locations":[{"start":{"line":62,"column":51},"end":{"line":62,"column":68}},{"start":{"line":62,"column":72},"end":{"line":62,"column":77}}]},"7":{"loc":{"start":{"line":62,"column":51},"end":{"line":62,"column":68}},"type":"cond-expr","locations":[{"start":{"line":62,"column":60},"end":{"line":62,"column":62}},{"start":{"line":62,"column":51},"end":{"line":62,"column":68}}]},"8":{"loc":{"start":{"line":62,"column":51},"end":{"line":62,"column":62}},"type":"binary-expr","locations":[{"start":{"line":62,"column":51},"end":{"line":62,"column":62}},{"start":{"line":62,"column":51},"end":{"line":62,"column":62}}]},"9":{"loc":{"start":{"line":74,"column":16},"end":{"line":74,"column":31}},"type":"binary-expr","locations":[{"start":{"line":74,"column":16},"end":{"line":74,"column":22}},{"start":{"line":74,"column":26},"end":{"line":74,"column":31}}]},"10":{"loc":{"start":{"line":92,"column":6},"end":{"line":97,"column":null}},"type":"if","locations":[{"start":{"line":92,"column":6},"end":{"line":97,"column":null}}]},"11":{"loc":{"start":{"line":106,"column":6},"end":{"line":111,"column":null}},"type":"if","locations":[{"start":{"line":106,"column":6},"end":{"line":111,"column":null}}]},"12":{"loc":{"start":{"line":162,"column":6},"end":{"line":164,"column":null}},"type":"if","locations":[{"start":{"line":162,"column":6},"end":{"line":164,"column":null}}]},"13":{"loc":{"start":{"line":181,"column":4},"end":{"line":183,"column":null}},"type":"if","locations":[{"start":{"line":181,"column":4},"end":{"line":183,"column":null}}]},"14":{"loc":{"start":{"line":194,"column":6},"end":{"line":199,"column":null}},"type":"if","locations":[{"start":{"line":194,"column":6},"end":{"line":199,"column":null}}]},"15":{"loc":{"start":{"line":213,"column":6},"end":{"line":215,"column":null}},"type":"if","locations":[{"start":{"line":213,"column":6},"end":{"line":215,"column":null}}]},"16":{"loc":{"start":{"line":224,"column":6},"end":{"line":229,"column":null}},"type":"if","locations":[{"start":{"line":224,"column":6},"end":{"line":229,"column":null}}]},"17":{"loc":{"start":{"line":233,"column":6},"end":{"line":238,"column":null}},"type":"if","locations":[{"start":{"line":233,"column":6},"end":{"line":238,"column":null}}]}},"s":{"0":2,"1":2,"2":2,"3":2,"4":2,"5":2,"6":2,"7":2,"8":2,"9":158,"10":158,"11":158,"12":3,"13":3,"14":0,"15":0,"16":0,"17":0,"18":0,"19":0,"20":0,"21":0,"22":0,"23":0,"24":3,"25":7,"26":7,"27":4,"28":0,"29":7,"30":10,"31":10,"32":5,"33":5,"34":5,"35":5,"36":8,"37":8,"38":7,"39":7,"40":0,"41":0,"42":0,"43":0,"44":0,"45":0,"46":0,"47":0,"48":0,"49":0,"50":8,"51":1,"52":1,"53":0,"54":0,"55":0,"56":0,"57":1,"58":1,"59":0,"60":0,"61":0,"62":0,"63":0,"64":0,"65":1,"66":1,"67":0,"68":0,"69":0,"70":0,"71":0,"72":0,"73":1,"74":1,"75":0,"76":0,"77":0,"78":0,"79":0,"80":1,"81":2,"82":2,"83":1,"84":1,"85":0,"86":0,"87":0,"88":0,"89":0,"90":0,"91":0,"92":0,"93":0,"94":0,"95":2,"96":2,"97":2},"f":{"0":158,"1":3,"2":7,"3":10,"4":8,"5":1,"6":1,"7":1,"8":1,"9":2},"b":{"0":[0],"1":[0],"2":[0],"3":[6,6],"4":[6,0],"5":[6,6],"6":[4,4],"7":[4,0],"8":[4,4],"9":[5,0],"10":[7],"11":[0],"12":[0],"13":[0],"14":[0],"15":[1],"16":[0],"17":[0]}}
,"/home/zeeshan/Development/clinzed-backend/src/modules/auth/dto/login.dto.ts": {"path":"/home/zeeshan/Development/clinzed-backend/src/modules/auth/dto/login.dto.ts","statementMap":{"0":{"start":{"line":1,"column":0},"end":{"line":1,"column":46}},"1":{"start":{"line":2,"column":0},"end":{"line":2,"column":54}},"2":{"start":{"line":8,"column":2},"end":{"line":8,"column":null}},"3":{"start":{"line":11,"column":2},"end":{"line":11,"column":null}},"4":{"start":{"line":14,"column":2},"end":{"line":14,"column":null}},"5":{"start":{"line":4,"column":0},"end":{"line":4,"column":13}}},"fnMap":{},"branchMap":{},"s":{"0":1,"1":1,"2":1,"3":1,"4":1,"5":1},"f":{},"b":{}}
,"/home/zeeshan/Development/clinzed-backend/src/modules/auth/dto/signup.dto.ts": {"path":"/home/zeeshan/Development/clinzed-backend/src/modules/auth/dto/signup.dto.ts","statementMap":{"0":{"start":{"line":1,"column":0},"end":{"line":1,"column":46}},"1":{"start":{"line":2,"column":0},"end":{"line":2,"column":66}},"2":{"start":{"line":8,"column":2},"end":{"line":8,"column":null}},"3":{"start":{"line":10,"column":2},"end":{"line":10,"column":null}},"4":{"start":{"line":12,"column":2},"end":{"line":12,"column":null}},"5":{"start":{"line":14,"column":2},"end":{"line":14,"column":null}},"6":{"start":{"line":16,"column":2},"end":{"line":16,"column":null}},"7":{"start":{"line":19,"column":2},"end":{"line":19,"column":null}},"8":{"start":{"line":4,"column":0},"end":{"line":4,"column":13}}},"fnMap":{},"branchMap":{},"s":{"0":1,"1":1,"2":1,"3":1,"4":1,"5":1,"6":1,"7":1,"8":1},"f":{},"b":{}}
,"/home/zeeshan/Development/clinzed-backend/src/modules/auth/strategy/jwt.strategy.ts": {"path":"/home/zeeshan/Development/clinzed-backend/src/modules/auth/strategy/jwt.strategy.ts","statementMap":{"0":{"start":{"line":1,"column":0},"end":{"line":1,"column":52}},"1":{"start":{"line":2,"column":0},"end":{"line":2,"column":52}},"2":{"start":{"line":3,"column":0},"end":{"line":3,"column":67}},"3":{"start":{"line":4,"column":0},"end":{"line":4,"column":61}},"4":{"start":{"line":7,"column":0},"end":{"line":26,"column":null}},"5":{"start":{"line":9,"column":4},"end":{"line":13,"column":7}},"6":{"start":{"line":8,"column":31},"end":{"line":8,"column":44}},"7":{"start":{"line":18,"column":17},"end":{"line":18,"column":63}},"8":{"start":{"line":19,"column":4},"end":{"line":23,"column":null}},"9":{"start":{"line":20,"column":6},"end":{"line":22,"column":8}},"10":{"start":{"line":24,"column":4},"end":{"line":24,"column":19}},"11":{"start":{"line":7,"column":13},"end":{"line":26,"column":null}},"12":{"start":{"line":7,"column":13},"end":{"line":7,"column":24}}},"fnMap":{"0":{"name":"(anonymous_2)","decl":{"start":{"line":8,"column":2},"end":{"line":8,"column":31}},"loc":{"start":{"line":8,"column":56},"end":{"line":14,"column":3}}},"1":{"name":"(anonymous_3)","decl":{"start":{"line":16,"column":2},"end":{"line":16,"column":7}},"loc":{"start":{"line":16,"column":29},"end":{"line":25,"column":3}}}},"branchMap":{"0":{"loc":{"start":{"line":19,"column":4},"end":{"line":23,"column":null}},"type":"if","locations":[{"start":{"line":19,"column":4},"end":{"line":23,"column":null}}]}},"s":{"0":0,"1":0,"2":0,"3":0,"4":0,"5":0,"6":0,"7":0,"8":0,"9":0,"10":0,"11":0,"12":0},"f":{"0":0,"1":0},"b":{"0":[0]}}
,"/home/zeeshan/Development/clinzed-backend/src/modules/auth/strategy/local.strategy.ts": {"path":"/home/zeeshan/Development/clinzed-backend/src/modules/auth/strategy/local.strategy.ts","statementMap":{"0":{"start":{"line":1,"column":0},"end":{"line":1,"column":42}},"1":{"start":{"line":2,"column":0},"end":{"line":2,"column":52}},"2":{"start":{"line":3,"column":0},"end":{"line":3,"column":67}},"3":{"start":{"line":4,"column":0},"end":{"line":4,"column":46}},"4":{"start":{"line":8,"column":0},"end":{"line":25,"column":null}},"5":{"start":{"line":10,"column":4},"end":{"line":10,"column":63}},"6":{"start":{"line":9,"column":31},"end":{"line":9,"column":44}},"7":{"start":{"line":14,"column":20},"end":{"line":14,"column":28}},"8":{"start":{"line":15,"column":17},"end":{"line":17,"column":null}},"9":{"start":{"line":20,"column":4},"end":{"line":22,"column":null}},"10":{"start":{"line":21,"column":6},"end":{"line":21,"column":66}},"11":{"start":{"line":23,"column":4},"end":{"line":23,"column":16}},"12":{"start":{"line":8,"column":13},"end":{"line":25,"column":null}},"13":{"start":{"line":8,"column":13},"end":{"line":8,"column":26}}},"fnMap":{"0":{"name":"(anonymous_2)","decl":{"start":{"line":9,"column":2},"end":{"line":9,"column":31}},"loc":{"start":{"line":9,"column":55},"end":{"line":11,"column":3}}},"1":{"name":"(anonymous_3)","decl":{"start":{"line":13,"column":2},"end":{"line":13,"column":7}},"loc":{"start":{"line":13,"column":29},"end":{"line":24,"column":3}}}},"branchMap":{"0":{"loc":{"start":{"line":20,"column":4},"end":{"line":22,"column":null}},"type":"if","locations":[{"start":{"line":20,"column":4},"end":{"line":22,"column":null}}]}},"s":{"0":0,"1":0,"2":0,"3":0,"4":0,"5":0,"6":0,"7":0,"8":0,"9":0,"10":0,"11":0,"12":0,"13":0},"f":{"0":0,"1":0},"b":{"0":[0]}}
,"/home/zeeshan/Development/clinzed-backend/src/modules/car-color/car-color.controller.ts": {"path":"/home/zeeshan/Development/clinzed-backend/src/modules/car-color/car-color.controller.ts","statementMap":{"0":{"start":{"line":1,"column":0},"end":{"line":1,"column":null}},"1":{"start":{"line":12,"column":0},"end":{"line":12,"column":42}},"2":{"start":{"line":13,"column":0},"end":{"line":13,"column":62}},"3":{"start":{"line":14,"column":0},"end":{"line":14,"column":39}},"4":{"start":{"line":15,"column":0},"end":{"line":15,"column":59}},"5":{"start":{"line":17,"column":0},"end":{"line":17,"column":54}},"6":{"start":{"line":18,"column":0},"end":{"line":18,"column":63}},"7":{"start":{"line":23,"column":0},"end":{"line":47,"column":null}},"8":{"start":{"line":24,"column":31},"end":{"line":24,"column":48}},"9":{"start":{"line":32,"column":4},"end":{"line":32,"column":64}},"10":{"start":{"line":38,"column":4},"end":{"line":38,"column":64}},"11":{"start":{"line":45,"column":4},"end":{"line":45,"column":50}},"12":{"start":{"line":29,"column":2},"end":{"line":33,"column":null}},"13":{"start":{"line":37,"column":2},"end":{"line":39,"column":null}},"14":{"start":{"line":44,"column":2},"end":{"line":46,"column":null}},"15":{"start":{"line":23,"column":13},"end":{"line":47,"column":null}},"16":{"start":{"line":23,"column":13},"end":{"line":23,"column":31}}},"fnMap":{"0":{"name":"(anonymous_4)","decl":{"start":{"line":24,"column":2},"end":{"line":24,"column":31}},"loc":{"start":{"line":24,"column":63},"end":{"line":24,"column":67}}},"1":{"name":"(anonymous_5)","decl":{"start":{"line":29,"column":2},"end":{"line":29,"column":7}},"loc":{"start":{"line":30,"column":48},"end":{"line":33,"column":3}}},"2":{"name":"(anonymous_6)","decl":{"start":{"line":37,"column":2},"end":{"line":37,"column":7}},"loc":{"start":{"line":37,"column":49},"end":{"line":39,"column":3}}},"3":{"name":"(anonymous_7)","decl":{"start":{"line":44,"column":2},"end":{"line":44,"column":7}},"loc":{"start":{"line":44,"column":38},"end":{"line":46,"column":3}}}},"branchMap":{},"s":{"0":1,"1":1,"2":1,"3":1,"4":1,"5":1,"6":1,"7":1,"8":0,"9":0,"10":0,"11":0,"12":1,"13":1,"14":1,"15":1,"16":1},"f":{"0":0,"1":0,"2":0,"3":0},"b":{}}
,"/home/zeeshan/Development/clinzed-backend/src/modules/car-color/car-color.module.ts": {"path":"/home/zeeshan/Development/clinzed-backend/src/modules/car-color/car-color.module.ts","statementMap":{"0":{"start":{"line":1,"column":0},"end":{"line":1,"column":40}},"1":{"start":{"line":2,"column":0},"end":{"line":2,"column":54}},"2":{"start":{"line":3,"column":0},"end":{"line":3,"column":60}},"3":{"start":{"line":4,"column":0},"end":{"line":4,"column":48}},"4":{"start":{"line":5,"column":0},"end":{"line":5,"column":55}},"5":{"start":{"line":12,"column":0},"end":{"line":12,"column":null}},"6":{"start":{"line":12,"column":13},"end":{"line":12,"column":null}},"7":{"start":{"line":12,"column":13},"end":{"line":12,"column":27}}},"fnMap":{},"branchMap":{},"s":{"0":0,"1":0,"2":0,"3":0,"4":0,"5":0,"6":0,"7":0},"f":{},"b":{}}
,"/home/zeeshan/Development/clinzed-backend/src/modules/car-color/car-color.service.ts": {"path":"/home/zeeshan/Development/clinzed-backend/src/modules/car-color/car-color.service.ts","statementMap":{"0":{"start":{"line":1,"column":0},"end":{"line":1,"column":59}},"1":{"start":{"line":2,"column":0},"end":{"line":2,"column":51}},"2":{"start":{"line":3,"column":0},"end":{"line":3,"column":54}},"3":{"start":{"line":4,"column":0},"end":{"line":4,"column":37}},"4":{"start":{"line":7,"column":0},"end":{"line":7,"column":47}},"5":{"start":{"line":9,"column":0},"end":{"line":9,"column":55}},"6":{"start":{"line":10,"column":23},"end":{"line":10,"column":51}},"7":{"start":{"line":13,"column":0},"end":{"line":62,"column":null}},"8":{"start":{"line":16,"column":21},"end":{"line":16,"column":41}},"9":{"start":{"line":19,"column":4},"end":{"line":25,"column":null}},"10":{"start":{"line":20,"column":21},"end":{"line":20,"column":70}},"11":{"start":{"line":21,"column":6},"end":{"line":21,"column":62}},"12":{"start":{"line":22,"column":6},"end":{"line":22,"column":22}},"13":{"start":{"line":24,"column":6},"end":{"line":24,"column":59}},"14":{"start":{"line":29,"column":4},"end":{"line":47,"column":null}},"15":{"start":{"line":30,"column":22},"end":{"line":30,"column":75}},"16":{"start":{"line":31,"column":6},"end":{"line":31,"column":55}},"17":{"start":{"line":32,"column":25},"end":{"line":32,"column":53}},"18":{"start":{"line":34,"column":6},"end":{"line":36,"column":null}},"19":{"start":{"line":35,"column":8},"end":{"line":35,"column":52}},"20":{"start":{"line":37,"column":6},"end":{"line":41,"column":null}},"21":{"start":{"line":38,"column":22},"end":{"line":38,"column":34}},"22":{"start":{"line":40,"column":8},"end":{"line":40,"column":29}},"23":{"start":{"line":43,"column":24},"end":{"line":43,"column":45}},"24":{"start":{"line":44,"column":6},"end":{"line":44,"column":23}},"25":{"start":{"line":46,"column":6},"end":{"line":46,"column":59}},"26":{"start":{"line":51,"column":4},"end":{"line":60,"column":null}},"27":{"start":{"line":52,"column":21},"end":{"line":52,"column":77}},"28":{"start":{"line":53,"column":6},"end":{"line":53,"column":46}},"29":{"start":{"line":54,"column":6},"end":{"line":56,"column":9}},"30":{"start":{"line":57,"column":6},"end":{"line":57,"column":22}},"31":{"start":{"line":59,"column":6},"end":{"line":59,"column":59}},"32":{"start":{"line":13,"column":13},"end":{"line":62,"column":null}},"33":{"start":{"line":13,"column":13},"end":{"line":13,"column":28}}},"fnMap":{"0":{"name":"(anonymous_4)","decl":{"start":{"line":14,"column":2},"end":{"line":14,"column":null}},"loc":{"start":{"line":16,"column":61},"end":{"line":17,"column":6}}},"1":{"name":"(anonymous_5)","decl":{"start":{"line":18,"column":2},"end":{"line":18,"column":7}},"loc":{"start":{"line":18,"column":51},"end":{"line":26,"column":3}}},"2":{"name":"(anonymous_6)","decl":{"start":{"line":28,"column":2},"end":{"line":28,"column":7}},"loc":{"start":{"line":28,"column":46},"end":{"line":48,"column":3}}},"3":{"name":"(anonymous_7)","decl":{"start":{"line":50,"column":2},"end":{"line":50,"column":7}},"loc":{"start":{"line":50,"column":25},"end":{"line":61,"column":3}}}},"branchMap":{"0":{"loc":{"start":{"line":34,"column":6},"end":{"line":36,"column":null}},"type":"if","locations":[{"start":{"line":34,"column":6},"end":{"line":36,"column":null}}]},"1":{"loc":{"start":{"line":37,"column":6},"end":{"line":41,"column":null}},"type":"if","locations":[{"start":{"line":37,"column":6},"end":{"line":41,"column":null}}]}},"s":{"0":2,"1":2,"2":2,"3":2,"4":2,"5":2,"6":2,"7":2,"8":0,"9":0,"10":0,"11":0,"12":0,"13":0,"14":0,"15":0,"16":0,"17":0,"18":0,"19":0,"20":0,"21":0,"22":0,"23":0,"24":0,"25":0,"26":0,"27":0,"28":0,"29":0,"30":0,"31":0,"32":2,"33":2},"f":{"0":0,"1":0,"2":0,"3":0},"b":{"0":[0],"1":[0]}}
,"/home/zeeshan/Development/clinzed-backend/src/modules/car-color/dto/create-car-color.dto.ts": {"path":"/home/zeeshan/Development/clinzed-backend/src/modules/car-color/dto/create-car-color.dto.ts","statementMap":{"0":{"start":{"line":1,"column":0},"end":{"line":1,"column":46}},"1":{"start":{"line":2,"column":0},"end":{"line":2,"column":45}},"2":{"start":{"line":3,"column":0},"end":{"line":3,"column":75}},"3":{"start":{"line":4,"column":0},"end":{"line":4,"column":64}},"4":{"start":{"line":9,"column":2},"end":{"line":9,"column":null}},"5":{"start":{"line":12,"column":2},"end":{"line":12,"column":null}},"6":{"start":{"line":6,"column":0},"end":{"line":6,"column":13}}},"fnMap":{},"branchMap":{},"s":{"0":1,"1":1,"2":1,"3":1,"4":1,"5":1,"6":1},"f":{},"b":{}}
,"/home/zeeshan/Development/clinzed-backend/src/modules/car-color/dto/update-car-color.dto.ts": {"path":"/home/zeeshan/Development/clinzed-backend/src/modules/car-color/dto/update-car-color.dto.ts","statementMap":{"0":{"start":{"line":1,"column":0},"end":{"line":1,"column":46}},"1":{"start":{"line":2,"column":0},"end":{"line":2,"column":59}},"2":{"start":{"line":4,"column":0},"end":{"line":4,"column":13}}},"fnMap":{},"branchMap":{},"s":{"0":0,"1":0,"2":0},"f":{},"b":{}}
,"/home/zeeshan/Development/clinzed-backend/src/modules/car-color/entities/car-color.entity.ts": {"path":"/home/zeeshan/Development/clinzed-backend/src/modules/car-color/entities/car-color.entity.ts","statementMap":{"0":{"start":{"line":1,"column":0},"end":{"line":1,"column":48}},"1":{"start":{"line":2,"column":0},"end":{"line":2,"column":75}},"2":{"start":{"line":3,"column":0},"end":{"line":3,"column":64}},"3":{"start":{"line":4,"column":0},"end":{"line":4,"column":84}},"4":{"start":{"line":5,"column":0},"end":{"line":5,"column":64}},"5":{"start":{"line":6,"column":0},"end":{"line":6,"column":null}},"6":{"start":{"line":17,"column":0},"end":{"line":58,"column":null}},"7":{"start":{"line":19,"column":2},"end":{"line":19,"column":null}},"8":{"start":{"line":24,"column":2},"end":{"line":24,"column":null}},"9":{"start":{"line":20,"column":19},"end":{"line":20,"column":24}},"10":{"start":{"line":20,"column":37},"end":{"line":20,"column":52}},"11":{"start":{"line":29,"column":2},"end":{"line":29,"column":null}},"12":{"start":{"line":25,"column":19},"end":{"line":25,"column":27}},"13":{"start":{"line":25,"column":43},"end":{"line":25,"column":60}},"14":{"start":{"line":34,"column":2},"end":{"line":34,"column":null}},"15":{"start":{"line":30,"column":19},"end":{"line":30,"column":30}},"16":{"start":{"line":30,"column":49},"end":{"line":30,"column":69}},"17":{"start":{"line":39,"column":2},"end":{"line":39,"column":null}},"18":{"start":{"line":35,"column":19},"end":{"line":35,"column":24}},"19":{"start":{"line":35,"column":37},"end":{"line":35,"column":51}},"20":{"start":{"line":45,"column":2},"end":{"line":45,"column":null}},"21":{"start":{"line":50,"column":2},"end":{"line":50,"column":null}},"22":{"start":{"line":48,"column":19},"end":{"line":48,"column":41}},"23":{"start":{"line":57,"column":2},"end":{"line":57,"column":null}},"24":{"start":{"line":54,"column":19},"end":{"line":54,"column":41}},"25":{"start":{"line":17,"column":13},"end":{"line":58,"column":null}},"26":{"start":{"line":17,"column":13},"end":{"line":17,"column":21}}},"fnMap":{"0":{"name":"(anonymous_2)","decl":{"start":{"line":20,"column":13},"end":{"line":20,"column":16}},"loc":{"start":{"line":20,"column":19},"end":{"line":20,"column":24}}},"1":{"name":"(anonymous_3)","decl":{"start":{"line":20,"column":26},"end":{"line":20,"column":27}},"loc":{"start":{"line":20,"column":37},"end":{"line":20,"column":52}}},"2":{"name":"(anonymous_4)","decl":{"start":{"line":25,"column":13},"end":{"line":25,"column":16}},"loc":{"start":{"line":25,"column":19},"end":{"line":25,"column":27}}},"3":{"name":"(anonymous_5)","decl":{"start":{"line":25,"column":29},"end":{"line":25,"column":30}},"loc":{"start":{"line":25,"column":43},"end":{"line":25,"column":60}}},"4":{"name":"(anonymous_6)","decl":{"start":{"line":30,"column":13},"end":{"line":30,"column":16}},"loc":{"start":{"line":30,"column":19},"end":{"line":30,"column":30}}},"5":{"name":"(anonymous_7)","decl":{"start":{"line":30,"column":32},"end":{"line":30,"column":33}},"loc":{"start":{"line":30,"column":49},"end":{"line":30,"column":69}}},"6":{"name":"(anonymous_8)","decl":{"start":{"line":35,"column":13},"end":{"line":35,"column":16}},"loc":{"start":{"line":35,"column":19},"end":{"line":35,"column":24}}},"7":{"name":"(anonymous_9)","decl":{"start":{"line":35,"column":26},"end":{"line":35,"column":27}},"loc":{"start":{"line":35,"column":37},"end":{"line":35,"column":51}}},"8":{"name":"(anonymous_10)","decl":{"start":{"line":48,"column":13},"end":{"line":48,"column":16}},"loc":{"start":{"line":48,"column":19},"end":{"line":48,"column":41}}},"9":{"name":"(anonymous_11)","decl":{"start":{"line":54,"column":13},"end":{"line":54,"column":16}},"loc":{"start":{"line":54,"column":19},"end":{"line":54,"column":41}}}},"branchMap":{},"s":{"0":37,"1":37,"2":37,"3":37,"4":37,"5":37,"6":37,"7":37,"8":37,"9":0,"10":0,"11":37,"12":0,"13":0,"14":37,"15":0,"16":0,"17":37,"18":0,"19":0,"20":37,"21":37,"22":0,"23":37,"24":0,"25":37,"26":37},"f":{"0":0,"1":0,"2":0,"3":0,"4":0,"5":0,"6":0,"7":0,"8":0,"9":0},"b":{}}
,"/home/zeeshan/Development/clinzed-backend/src/modules/car-make/car-make.controller.ts": {"path":"/home/zeeshan/Development/clinzed-backend/src/modules/car-make/car-make.controller.ts","statementMap":{"0":{"start":{"line":1,"column":0},"end":{"line":1,"column":null}},"1":{"start":{"line":12,"column":0},"end":{"line":12,"column":42}},"2":{"start":{"line":13,"column":0},"end":{"line":13,"column":62}},"3":{"start":{"line":14,"column":0},"end":{"line":14,"column":39}},"4":{"start":{"line":15,"column":0},"end":{"line":15,"column":59}},"5":{"start":{"line":16,"column":0},"end":{"line":16,"column":59}},"6":{"start":{"line":17,"column":0},"end":{"line":17,"column":52}},"7":{"start":{"line":18,"column":0},"end":{"line":18,"column":61}},"8":{"start":{"line":22,"column":0},"end":{"line":44,"column":null}},"9":{"start":{"line":23,"column":31},"end":{"line":23,"column":47}},"10":{"start":{"line":29,"column":4},"end":{"line":29,"column":62}},"11":{"start":{"line":35,"column":4},"end":{"line":35,"column":63}},"12":{"start":{"line":42,"column":4},"end":{"line":42,"column":49}},"13":{"start":{"line":28,"column":2},"end":{"line":30,"column":null}},"14":{"start":{"line":34,"column":2},"end":{"line":36,"column":null}},"15":{"start":{"line":41,"column":2},"end":{"line":43,"column":null}},"16":{"start":{"line":22,"column":13},"end":{"line":44,"column":null}},"17":{"start":{"line":22,"column":13},"end":{"line":22,"column":30}}},"fnMap":{"0":{"name":"(anonymous_4)","decl":{"start":{"line":23,"column":2},"end":{"line":23,"column":31}},"loc":{"start":{"line":23,"column":61},"end":{"line":23,"column":65}}},"1":{"name":"(anonymous_5)","decl":{"start":{"line":28,"column":2},"end":{"line":28,"column":7}},"loc":{"start":{"line":28,"column":57},"end":{"line":30,"column":3}}},"2":{"name":"(anonymous_6)","decl":{"start":{"line":34,"column":2},"end":{"line":34,"column":7}},"loc":{"start":{"line":34,"column":49},"end":{"line":36,"column":3}}},"3":{"name":"(anonymous_7)","decl":{"start":{"line":41,"column":2},"end":{"line":41,"column":7}},"loc":{"start":{"line":41,"column":38},"end":{"line":43,"column":3}}}},"branchMap":{},"s":{"0":1,"1":1,"2":1,"3":1,"4":1,"5":1,"6":1,"7":1,"8":1,"9":0,"10":0,"11":0,"12":0,"13":1,"14":1,"15":1,"16":1,"17":1},"f":{"0":0,"1":0,"2":0,"3":0},"b":{}}
,"/home/zeeshan/Development/clinzed-backend/src/modules/car-make/car-make.module.ts": {"path":"/home/zeeshan/Development/clinzed-backend/src/modules/car-make/car-make.module.ts","statementMap":{"0":{"start":{"line":1,"column":0},"end":{"line":1,"column":40}},"1":{"start":{"line":2,"column":0},"end":{"line":2,"column":52}},"2":{"start":{"line":3,"column":0},"end":{"line":3,"column":58}},"3":{"start":{"line":4,"column":0},"end":{"line":4,"column":48}},"4":{"start":{"line":5,"column":0},"end":{"line":5,"column":53}},"5":{"start":{"line":12,"column":0},"end":{"line":12,"column":null}},"6":{"start":{"line":12,"column":13},"end":{"line":12,"column":null}},"7":{"start":{"line":12,"column":13},"end":{"line":12,"column":26}}},"fnMap":{},"branchMap":{},"s":{"0":0,"1":0,"2":0,"3":0,"4":0,"5":0,"6":0,"7":0},"f":{},"b":{}}
,"/home/zeeshan/Development/clinzed-backend/src/modules/car-make/car-make.service.ts": {"path":"/home/zeeshan/Development/clinzed-backend/src/modules/car-make/car-make.service.ts","statementMap":{"0":{"start":{"line":1,"column":0},"end":{"line":1,"column":59}},"1":{"start":{"line":2,"column":0},"end":{"line":2,"column":51}},"2":{"start":{"line":3,"column":0},"end":{"line":3,"column":54}},"3":{"start":{"line":4,"column":0},"end":{"line":4,"column":37}},"4":{"start":{"line":7,"column":0},"end":{"line":7,"column":47}},"5":{"start":{"line":9,"column":0},"end":{"line":9,"column":53}},"6":{"start":{"line":11,"column":23},"end":{"line":11,"column":36}},"7":{"start":{"line":14,"column":0},"end":{"line":63,"column":null}},"8":{"start":{"line":17,"column":21},"end":{"line":17,"column":40}},"9":{"start":{"line":20,"column":4},"end":{"line":26,"column":null}},"10":{"start":{"line":21,"column":20},"end":{"line":21,"column":67}},"11":{"start":{"line":22,"column":6},"end":{"line":22,"column":59}},"12":{"start":{"line":23,"column":6},"end":{"line":23,"column":21}},"13":{"start":{"line":25,"column":6},"end":{"line":25,"column":59}},"14":{"start":{"line":30,"column":4},"end":{"line":48,"column":null}},"15":{"start":{"line":31,"column":22},"end":{"line":31,"column":74}},"16":{"start":{"line":32,"column":6},"end":{"line":32,"column":55}},"17":{"start":{"line":34,"column":25},"end":{"line":34,"column":53}},"18":{"start":{"line":36,"column":6},"end":{"line":38,"column":null}},"19":{"start":{"line":37,"column":8},"end":{"line":37,"column":52}},"20":{"start":{"line":39,"column":6},"end":{"line":43,"column":null}},"21":{"start":{"line":40,"column":22},"end":{"line":40,"column":34}},"22":{"start":{"line":42,"column":8},"end":{"line":42,"column":29}},"23":{"start":{"line":44,"column":23},"end":{"line":44,"column":44}},"24":{"start":{"line":45,"column":6},"end":{"line":45,"column":22}},"25":{"start":{"line":47,"column":6},"end":{"line":47,"column":59}},"26":{"start":{"line":52,"column":4},"end":{"line":61,"column":null}},"27":{"start":{"line":53,"column":20},"end":{"line":53,"column":75}},"28":{"start":{"line":54,"column":6},"end":{"line":54,"column":45}},"29":{"start":{"line":55,"column":6},"end":{"line":57,"column":9}},"30":{"start":{"line":58,"column":6},"end":{"line":58,"column":21}},"31":{"start":{"line":60,"column":6},"end":{"line":60,"column":59}},"32":{"start":{"line":14,"column":13},"end":{"line":63,"column":null}},"33":{"start":{"line":14,"column":13},"end":{"line":14,"column":27}}},"fnMap":{"0":{"name":"(anonymous_4)","decl":{"start":{"line":15,"column":2},"end":{"line":15,"column":null}},"loc":{"start":{"line":17,"column":59},"end":{"line":18,"column":6}}},"1":{"name":"(anonymous_5)","decl":{"start":{"line":19,"column":2},"end":{"line":19,"column":7}},"loc":{"start":{"line":19,"column":49},"end":{"line":27,"column":3}}},"2":{"name":"(anonymous_6)","decl":{"start":{"line":29,"column":2},"end":{"line":29,"column":7}},"loc":{"start":{"line":29,"column":46},"end":{"line":49,"column":3}}},"3":{"name":"(anonymous_7)","decl":{"start":{"line":51,"column":2},"end":{"line":51,"column":7}},"loc":{"start":{"line":51,"column":25},"end":{"line":62,"column":3}}}},"branchMap":{"0":{"loc":{"start":{"line":36,"column":6},"end":{"line":38,"column":null}},"type":"if","locations":[{"start":{"line":36,"column":6},"end":{"line":38,"column":null}}]},"1":{"loc":{"start":{"line":39,"column":6},"end":{"line":43,"column":null}},"type":"if","locations":[{"start":{"line":39,"column":6},"end":{"line":43,"column":null}}]}},"s":{"0":2,"1":2,"2":2,"3":2,"4":2,"5":2,"6":2,"7":2,"8":0,"9":0,"10":0,"11":0,"12":0,"13":0,"14":0,"15":0,"16":0,"17":0,"18":0,"19":0,"20":0,"21":0,"22":0,"23":0,"24":0,"25":0,"26":0,"27":0,"28":0,"29":0,"30":0,"31":0,"32":2,"33":2},"f":{"0":0,"1":0,"2":0,"3":0},"b":{"0":[0],"1":[0]}}
,"/home/zeeshan/Development/clinzed-backend/src/modules/car-make/dto/create-car-make.dto.ts": {"path":"/home/zeeshan/Development/clinzed-backend/src/modules/car-make/dto/create-car-make.dto.ts","statementMap":{"0":{"start":{"line":1,"column":0},"end":{"line":1,"column":46}},"1":{"start":{"line":2,"column":0},"end":{"line":2,"column":45}},"2":{"start":{"line":7,"column":2},"end":{"line":7,"column":null}},"3":{"start":{"line":4,"column":0},"end":{"line":4,"column":13}}},"fnMap":{},"branchMap":{},"s":{"0":1,"1":1,"2":1,"3":1},"f":{},"b":{}}
,"/home/zeeshan/Development/clinzed-backend/src/modules/car-make/dto/update-car-make.dto.ts": {"path":"/home/zeeshan/Development/clinzed-backend/src/modules/car-make/dto/update-car-make.dto.ts","statementMap":{"0":{"start":{"line":1,"column":0},"end":{"line":1,"column":46}},"1":{"start":{"line":2,"column":0},"end":{"line":2,"column":57}},"2":{"start":{"line":4,"column":0},"end":{"line":4,"column":13}}},"fnMap":{},"branchMap":{},"s":{"0":0,"1":0,"2":0},"f":{},"b":{}}
[...]
"column":14},"end":{"line":35,"column":39}},"22":{"start":{"line":36,"column":19},"end":{"line":49,"column":null}},"23":{"start":{"line":37,"column":14},"end":{"line":37,"column":42}},"24":{"start":{"line":38,"column":19},"end":{"line":49,"column":null}},"25":{"start":{"line":39,"column":14},"end":{"line":39,"column":49}},"26":{"start":{"line":40,"column":19},"end":{"line":49,"column":null}},"27":{"start":{"line":41,"column":14},"end":{"line":41,"column":42}},"28":{"start":{"line":42,"column":19},"end":{"line":49,"column":null}},"29":{"start":{"line":43,"column":14},"end":{"line":43,"column":49}},"30":{"start":{"line":44,"column":19},"end":{"line":49,"column":null}},"31":{"start":{"line":45,"column":36},"end":{"line":45,"column":50}},"32":{"start":{"line":46,"column":14},"end":{"line":48,"column":22}},"33":{"start":{"line":55,"column":4},"end":{"line":55,"column":17}},"34":{"start":{"line":58,"column":4},"end":{"line":60,"column":11}},"35":{"start":{"line":62,"column":4},"end":{"line":62,"column":16}},"36":{"start":{"line":65,"column":4},"end":{"line":65,"column":27}},"37":{"start":{"line":67,"column":4},"end":{"line":67,"column":16}},"38":{"start":{"line":70,"column":21},"end":{"line":70,"column":47}},"39":{"start":{"line":71,"column":4},"end":{"line":71,"column":52}},"40":{"start":{"line":72,"column":4},"end":{"line":72,"column":50}},"41":{"start":{"line":73,"column":4},"end":{"line":73,"column":52}},"42":{"start":{"line":74,"column":18},"end":{"line":74,"column":44}},"43":{"start":{"line":75,"column":4},"end":{"line":75,"column":50}},"44":{"start":{"line":76,"column":4},"end":{"line":76,"column":42}},"45":{"start":{"line":77,"column":4},"end":{"line":77,"column":45}},"46":{"start":{"line":78,"column":4},"end":{"line":78,"column":16}},"47":{"start":{"line":81,"column":4},"end":{"line":81,"column":61}},"48":{"start":{"line":82,"column":4},"end":{"line":82,"column":16}},"49":{"start":{"line":85,"column":18},"end":{"line":85,"column":44}},"50":{"start":{"line":86,"column":4},"end":{"line":86,"column":50}},"51":{"start":{"line":87,"column":4},"end":{"line":87,"column":42}},"52":{"start":{"line":88,"column":4},"end":{"line":88,"column":45}},"53":{"start":{"line":89,"column":4},"end":{"line":89,"column":16}},"54":{"start":{"line":92,"column":4},"end":{"line":92,"column":23}},"55":{"start":{"line":93,"column":4},"end":{"line":93,"column":16}},"56":{"start":{"line":97,"column":18},"end":{"line":97,"column":44}},"57":{"start":{"line":99,"column":24},"end":{"line":108,"column":6}},"58":{"start":{"line":109,"column":4},"end":{"line":123,"column":null}},"59":{"start":{"line":110,"column":21},"end":{"line":110,"column":78}},"60":{"start":{"line":111,"column":20},"end":{"line":113,"column":8}},"61":{"start":{"line":114,"column":6},"end":{"line":114,"column":32}},"62":{"start":{"line":115,"column":6},"end":{"line":115,"column":53}},"63":{"start":{"line":116,"column":6},"end":{"line":116,"column":43}},"64":{"start":{"line":118,"column":6},"end":{"line":118,"column":55}},"65":{"start":{"line":120,"column":6},"end":{"line":120,"column":20}},"66":{"start":{"line":122,"column":6},"end":{"line":122,"column":25}},"67":{"start":{"line":126,"column":0},"end":{"line":126,"column":27}}},"fnMap":{"0":{"name":"(anonymous_0)","decl":{"start":{"line":21,"column":2},"end":{"line":21,"column":22}},"loc":{"start":{"line":21,"column":49},"end":{"line":23,"column":3}}},"1":{"name":"(anonymous_1)","decl":{"start":{"line":24,"column":2},"end":{"line":24,"column":9}},"loc":{"start":{"line":24,"column":21},"end":{"line":56,"column":3}}},"2":{"name":"(anonymous_2)","decl":{"start":{"line":28,"column":33},"end":{"line":28,"column":34}},"loc":{"start":{"line":28,"column":53},"end":{"line":54,"column":5}}},"3":{"name":"(anonymous_3)","decl":{"start":{"line":30,"column":36},"end":{"line":30,"column":46}},"loc":{"start":{"line":30,"column":57},"end":{"line":51,"column":9}}},"4":{"name":"(anonymous_4)","decl":{"start":{"line":31,"column":38},"end":{"line":31,"column":48}},"loc":{"start":{"line":31,"column":58},"end":{"line":50,"column":11}}},"5":{"name":"(anonymous_5)","decl":{"start":{"line":57,"column":2},"end":{"line":57,"column":14}},"loc":{"start":{"line":57,"column":14},"end":{"line":63,"column":3}}},"6":{"name":"(anonymous_6)","decl":{"start":{"line":64,"column":2},"end":{"line":64,"column":15}},"loc":{"start":{"line":64,"column":23},"end":{"line":68,"column":3}}},"7":{"name":"(anonymous_7)","decl":{"start":{"line":69,"column":2},"end":{"line":69,"column":10}},"loc":{"start":{"line":69,"column":10},"end":{"line":79,"column":3}}},"8":{"name":"(anonymous_8)","decl":{"start":{"line":80,"column":2},"end":{"line":80,"column":7}},"loc":{"start":{"line":80,"column":24},"end":{"line":83,"column":3}}},"9":{"name":"(anonymous_9)","decl":{"start":{"line":84,"column":2},"end":{"line":84,"column":6}},"loc":{"start":{"line":84,"column":6},"end":{"line":90,"column":3}}},"10":{"name":"(anonymous_10)","decl":{"start":{"line":91,"column":2},"end":{"line":91,"column":10}},"loc":{"start":{"line":91,"column":16},"end":{"line":94,"column":3}}},"11":{"name":"(anonymous_11)","decl":{"start":{"line":96,"column":2},"end":{"line":96,"column":7}},"loc":{"start":{"line":96,"column":13},"end":{"line":124,"column":3}}}},"branchMap":{"0":{"loc":{"start":{"line":29,"column":6},"end":{"line":52,"column":null}},"type":"if","locations":[{"start":{"line":29,"column":6},"end":{"line":52,"column":null}}]},"1":{"loc":{"start":{"line":32,"column":12},"end":{"line":49,"column":null}},"type":"if","locations":[{"start":{"line":32,"column":12},"end":{"line":49,"column":null}},{"start":{"line":34,"column":19},"end":{"line":49,"column":null}}]},"2":{"loc":{"start":{"line":33,"column":14},"end":{"line":33,"column":66}},"type":"cond-expr","locations":[{"start":{"line":33,"column":28},"end":{"line":33,"column":59}},{"start":{"line":33,"column":63},"end":{"line":33,"column":66}}]},"3":{"loc":{"start":{"line":34,"column":19},"end":{"line":49,"column":null}},"type":"if","locations":[{"start":{"line":34,"column":19},"end":{"line":49,"column":null}},{"start":{"line":36,"column":19},"end":{"line":49,"column":null}}]},"4":{"loc":{"start":{"line":36,"column":19},"end":{"line":49,"column":null}},"type":"if","locations":[{"start":{"line":36,"column":19},"end":{"line":49,"column":null}},{"start":{"line":38,"column":19},"end":{"line":49,"column":null}}]},"5":{"loc":{"start":{"line":38,"column":19},"end":{"line":49,"column":null}},"type":"if","locations":[{"start":{"line":38,"column":19},"end":{"line":49,"column":null}},{"start":{"line":40,"column":19},"end":{"line":49,"column":null}}]},"6":{"loc":{"start":{"line":40,"column":19},"end":{"line":49,"column":null}},"type":"if","locations":[{"start":{"line":40,"column":19},"end":{"line":49,"column":null}},{"start":{"line":42,"column":19},"end":{"line":49,"column":null}}]},"7":{"loc":{"start":{"line":42,"column":19},"end":{"line":49,"column":null}},"type":"if","locations":[{"start":{"line":42,"column":19},"end":{"line":49,"column":null}},{"start":{"line":44,"column":19},"end":{"line":49,"column":null}}]},"8":{"loc":{"start":{"line":44,"column":19},"end":{"line":49,"column":null}},"type":"if","locations":[{"start":{"line":44,"column":19},"end":{"line":49,"column":null}}]},"9":{"loc":{"start":{"line":46,"column":14},"end":{"line":48,"column":21}},"type":"cond-expr","locations":[{"start":{"line":47,"column":19},"end":{"line":47,"column":76}},{"start":{"line":48,"column":18},"end":{"line":48,"column":21}}]},"10":{"loc":{"start":{"line":58,"column":18},"end":{"line":60,"column":10}},"type":"cond-expr","locations":[{"start":{"line":59,"column":8},"end":{"line":59,"column":42}},{"start":{"line":60,"column":8},"end":{"line":60,"column":10}}]},"11":{"loc":{"start":{"line":71,"column":17},"end":{"line":71,"column":51}},"type":"binary-expr","locations":[{"start":{"line":71,"column":17},"end":{"line":71,"column":46}},{"start":{"line":71,"column":50},"end":{"line":71,"column":51}}]},"12":{"loc":{"start":{"line":72,"column":16},"end":{"line":72,"column":49}},"type":"binary-expr","locations":[{"start":{"line":72,"column":16},"end":{"line":72,"column":44}},{"start":{"line":72,"column":48},"end":{"line":72,"column":49}}]},"13":{"loc":{"start":{"line":73,"column":18},"end":{"line":73,"column":51}},"type":"binary-expr","locations":[{"start":{"line":73,"column":18},"end":{"line":73,"column":46}},{"start":{"line":73,"column":50},"end":{"line":73,"column":51}}]},"14":{"loc":{"start":{"line":75,"column":21},"end":{"line":75,"column":49}},"type":"binary-expr","locations":[{"start":{"line":75,"column":21},"end":{"line":75,"column":39}},{"start":{"line":75,"column":43},"end":{"line":75,"column":49}}]},"15":{"loc":{"start":{"line":76,"column":18},"end":{"line":76,"column":41}},"type":"binary-expr","locations":[{"start":{"line":76,"column":18},"end":{"line":76,"column":33}},{"start":{"line":76,"column":37},"end":{"line":76,"column":41}}]},"16":{"loc":{"start":{"line":81,"column":23},"end":{"line":81,"column":60}},"type":"cond-expr","locations":[{"start":{"line":81,"column":37},"end":{"line":81,"column":48}},{"start":{"line":81,"column":51},"end":{"line":81,"column":60}}]},"17":{"loc":{"start":{"line":86,"column":21},"end":{"line":86,"column":49}},"type":"binary-expr","locations":[{"start":{"line":86,"column":21},"end":{"line":86,"column":39}},{"start":{"line":86,"column":43},"end":{"line":86,"column":49}}]},"18":{"loc":{"start":{"line":87,"column":18},"end":{"line":87,"column":41}},"type":"binary-expr","locations":[{"start":{"line":87,"column":18},"end":{"line":87,"column":33}},{"start":{"line":87,"column":37},"end":{"line":87,"column":41}}]},"19":{"loc":{"start":{"line":100,"column":13},"end":{"line":100,"column":60}},"type":"cond-expr","locations":[{"start":{"line":100,"column":32},"end":{"line":100,"column":48}},{"start":{"line":100,"column":51},"end":{"line":100,"column":60}}]},"20":{"loc":{"start":{"line":101,"column":17},"end":{"line":101,"column":60}},"type":"cond-expr","locations":[{"start":{"line":101,"column":43},"end":{"line":101,"column":55}},{"start":{"line":101,"column":58},"end":{"line":101,"column":60}}]},"21":{"loc":{"start":{"line":109,"column":4},"end":{"line":123,"column":null}},"type":"if","locations":[{"start":{"line":109,"column":4},"end":{"line":123,"column":null}},{"start":{"line":121,"column":11},"end":{"line":123,"column":null}}]},"22":{"loc":{"start":{"line":109,"column":8},"end":{"line":109,"column":39}},"type":"binary-expr","locations":[{"start":{"line":109,"column":8},"end":{"line":109,"column":22}},{"start":{"line":109,"column":26},"end":{"line":109,"column":39}}]},"23":{"loc":{"start":{"line":112,"column":15},"end":{"line":112,"column":62}},"type":"cond-expr","locations":[{"start":{"line":112,"column":34},"end":{"line":112,"column":50}},{"start":{"line":112,"column":53},"end":{"line":112,"column":62}}]}},"s":{"0":29,"1":0,"2":0,"3":0,"4":0,"5":0,"6":0,"7":0,"8":0,"9":0,"10":0,"11":0,"12":0,"13":0,"14":0,"15":0,"16":0,"17":0,"18":0,"19":0,"20":0,"21":0,"22":0,"23":0,"24":0,"25":0,"26":0,"27":0,"28":0,"29":0,"30":0,"31":0,"32":0,"33":0,"34":0,"35":0,"36":0,"37":0,"38":0,"39":0,"40":0,"41":0,"42":0,"43":0,"44":0,"45":0,"46":0,"47":0,"48":0,"49":0,"50":0,"51":0,"52":0,"53":0,"54":0,"55":0,"56":0,"57":0,"58":0,"59":0,"60":0,"61":0,"62":0,"63":0,"64":0,"65":0,"66":0,"67":29},"f":{"0":0,"1":0,"2":0,"3":0,"4":0,"5":0,"6":0,"7":0,"8":0,"9":0,"10":0,"11":0},"b":{"0":[0],"1":[0,0],"2":[0,0],"3":[0,0],"4":[0,0],"5":[0,0],"6":[0,0],"7":[0,0],"8":[0],"9":[0,0],"10":[0,0],"11":[0,0],"12":[0,0],"13":[0,0],"14":[0,0],"15":[0,0],"16":[0,0],"17":[0,0],"18":[0,0],"19":[0,0],"20":[0,0],"21":[0,0],"22":[0,0],"23":[0,0]}}
,"/home/zeeshan/Development/clinzed-backend/src/modules/year-charger-type/year-charger-type.controller.ts": {"path":"/home/zeeshan/Development/clinzed-backend/src/modules/year-charger-type/year-charger-type.controller.ts","statementMap":{"0":{"start":{"line":1,"column":0},"end":{"line":1,"column":null}},"1":{"start":{"line":11,"column":0},"end":{"line":11,"column":69}},"2":{"start":{"line":12,"column":0},"end":{"line":12,"column":78}},"3":{"start":{"line":14,"column":0},"end":{"line":14,"column":62}},"4":{"start":{"line":15,"column":0},"end":{"line":15,"column":39}},"5":{"start":{"line":16,"column":0},"end":{"line":16,"column":59}},"6":{"start":{"line":17,"column":0},"end":{"line":17,"column":59}},"7":{"start":{"line":20,"column":0},"end":{"line":38,"column":null}},"8":{"start":{"line":22,"column":21},"end":{"line":22,"column":45}},"9":{"start":{"line":29,"column":4},"end":{"line":29,"column":72}},"10":{"start":{"line":36,"column":4},"end":{"line":36,"column":55}},"11":{"start":{"line":28,"column":2},"end":{"line":30,"column":null}},"12":{"start":{"line":35,"column":2},"end":{"line":37,"column":null}},"13":{"start":{"line":20,"column":13},"end":{"line":38,"column":null}},"14":{"start":{"line":20,"column":13},"end":{"line":20,"column":38}}},"fnMap":{"0":{"name":"(anonymous_4)","decl":{"start":{"line":21,"column":2},"end":{"line":21,"column":null}},"loc":{"start":{"line":22,"column":67},"end":{"line":23,"column":6}}},"1":{"name":"(anonymous_5)","decl":{"start":{"line":28,"column":2},"end":{"line":28,"column":7}},"loc":{"start":{"line":28,"column":73},"end":{"line":30,"column":3}}},"2":{"name":"(anonymous_6)","decl":{"start":{"line":35,"column":2},"end":{"line":35,"column":7}},"loc":{"start":{"line":35,"column":15},"end":{"line":37,"column":3}}}},"branchMap":{},"s":{"0":1,"1":1,"2":1,"3":1,"4":1,"5":1,"6":1,"7":1,"8":0,"9":0,"10":0,"11":1,"12":1,"13":1,"14":1},"f":{"0":0,"1":0,"2":0},"b":{}}
,"/home/zeeshan/Development/clinzed-backend/src/modules/year-charger-type/year-charger-type.module.ts": {"path":"/home/zeeshan/Development/clinzed-backend/src/modules/year-charger-type/year-charger-type.module.ts","statementMap":{"0":{"start":{"line":1,"column":0},"end":{"line":1,"column":40}},"1":{"start":{"line":2,"column":0},"end":{"line":2,"column":69}},"2":{"start":{"line":3,"column":0},"end":{"line":3,"column":75}},"3":{"start":{"line":4,"column":0},"end":{"line":4,"column":48}},"4":{"start":{"line":5,"column":0},"end":{"line":5,"column":70}},"5":{"start":{"line":12,"column":0},"end":{"line":12,"column":null}},"6":{"start":{"line":12,"column":13},"end":{"line":12,"column":null}},"7":{"start":{"line":12,"column":13},"end":{"line":12,"column":34}}},"fnMap":{},"branchMap":{},"s":{"0":0,"1":0,"2":0,"3":0,"4":0,"5":0,"6":0,"7":0},"f":{},"b":{}}
,"/home/zeeshan/Development/clinzed-backend/src/modules/year-charger-type/year-charger-type.service.ts": {"path":"/home/zeeshan/Development/clinzed-backend/src/modules/year-charger-type/year-charger-type.service.ts","statementMap":{"0":{"start":{"line":1,"column":0},"end":{"line":1,"column":44}},"1":{"start":{"line":2,"column":0},"end":{"line":2,"column":51}},"2":{"start":{"line":3,"column":0},"end":{"line":3,"column":37}},"3":{"start":{"line":6,"column":0},"end":{"line":6,"column":70}},"4":{"start":{"line":9,"column":0},"end":{"line":27,"column":null}},"5":{"start":{"line":12,"column":21},"end":{"line":12,"column":48}},"6":{"start":{"line":15,"column":26},"end":{"line":16,"column":null}},"7":{"start":{"line":18,"column":4},"end":{"line":20,"column":6}},"8":{"start":{"line":21,"column":4},"end":{"line":21,"column":27}},"9":{"start":{"line":25,"column":4},"end":{"line":25,"column":55}},"10":{"start":{"line":9,"column":13},"end":{"line":27,"column":null}},"11":{"start":{"line":9,"column":13},"end":{"line":9,"column":35}}},"fnMap":{"0":{"name":"(anonymous_4)","decl":{"start":{"line":10,"column":2},"end":{"line":10,"column":null}},"loc":{"start":{"line":12,"column":75},"end":{"line":13,"column":6}}},"1":{"name":"(anonymous_5)","decl":{"start":{"line":14,"column":2},"end":{"line":14,"column":7}},"loc":{"start":{"line":14,"column":65},"end":{"line":22,"column":3}}},"2":{"name":"(anonymous_6)","decl":{"start":{"line":24,"column":2},"end":{"line":24,"column":7}},"loc":{"start":{"line":24,"column":15},"end":{"line":26,"column":3}}}},"branchMap":{},"s":{"0":2,"1":2,"2":2,"3":2,"4":2,"5":0,"6":0,"7":0,"8":0,"9":0,"10":2,"11":2},"f":{"0":0,"1":0,"2":0},"b":{}}
,"/home/zeeshan/Development/clinzed-backend/src/modules/year-charger-type/dto/create-year-charger-type.dto.ts": {"path":"/home/zeeshan/Development/clinzed-backend/src/modules/year-charger-type/dto/create-year-charger-type.dto.ts","statementMap":{"0":{"start":{"line":1,"column":0},"end":{"line":1,"column":46}},"1":{"start":{"line":2,"column":0},"end":{"line":2,"column":72}},"2":{"start":{"line":3,"column":0},"end":{"line":3,"column":84}},"3":{"start":{"line":7,"column":2},"end":{"line":7,"column":null}},"4":{"start":{"line":9,"column":2},"end":{"line":9,"column":null}},"5":{"start":{"line":5,"column":0},"end":{"line":5,"column":13}}},"fnMap":{},"branchMap":{},"s":{"0":1,"1":1,"2":1,"3":1,"4":1,"5":1},"f":{},"b":{}}
,"/home/zeeshan/Development/clinzed-backend/src/modules/year-charger-type/dto/update-year-charger-type.dto.ts": {"path":"/home/zeeshan/Development/clinzed-backend/src/modules/year-charger-type/dto/update-year-charger-type.dto.ts","statementMap":{"0":{"start":{"line":1,"column":0},"end":{"line":1,"column":46}},"1":{"start":{"line":2,"column":0},"end":{"line":2,"column":74}},"2":{"start":{"line":4,"column":0},"end":{"line":4,"column":13}}},"fnMap":{},"branchMap":{},"s":{"0":0,"1":0,"2":0},"f":{},"b":{}}
,"/home/zeeshan/Development/clinzed-backend/src/modules/year-charger-type/entities/year-charger-type.entity.ts": {"path":"/home/zeeshan/Development/clinzed-backend/src/modules/year-charger-type/entities/year-charger-type.entity.ts","statementMap":{"0":{"start":{"line":1,"column":0},"end":{"line":1,"column":72}},"1":{"start":{"line":2,"column":0},"end":{"line":2,"column":84}},"2":{"start":{"line":3,"column":0},"end":{"line":3,"column":null}},"3":{"start":{"line":12,"column":0},"end":{"line":36,"column":null}},"4":{"start":{"line":14,"column":2},"end":{"line":14,"column":null}},"5":{"start":{"line":19,"column":2},"end":{"line":19,"column":null}},"6":{"start":{"line":15,"column":19},"end":{"line":15,"column":26}},"7":{"start":{"line":15,"column":41},"end":{"line":15,"column":65}},"8":{"start":{"line":24,"column":2},"end":{"line":24,"column":null}},"9":{"start":{"line":20,"column":19},"end":{"line":20,"column":30}},"10":{"start":{"line":20,"column":49},"end":{"line":20,"column":77}},"11":{"start":{"line":29,"column":2},"end":{"line":29,"column":null}},"12":{"start":{"line":27,"column":19},"end":{"line":27,"column":41}},"13":{"start":{"line":35,"column":2},"end":{"line":35,"column":null}},"14":{"start":{"line":32,"column":19},"end":{"line":32,"column":41}},"15":{"start":{"line":12,"column":13},"end":{"line":36,"column":null}},"16":{"start":{"line":12,"column":13},"end":{"line":12,"column":28}}},"fnMap":{"0":{"name":"(anonymous_2)","decl":{"start":{"line":15,"column":13},"end":{"line":15,"column":16}},"loc":{"start":{"line":15,"column":19},"end":{"line":15,"column":26}}},"1":{"name":"(anonymous_3)","decl":{"start":{"line":15,"column":28},"end":{"line":15,"column":29}},"loc":{"start":{"line":15,"column":41},"end":{"line":15,"column":65}}},"2":{"name":"(anonymous_4)","decl":{"start":{"line":20,"column":13},"end":{"line":20,"column":16}},"loc":{"start":{"line":20,"column":19},"end":{"line":20,"column":30}}},"3":{"name":"(anonymous_5)","decl":{"start":{"line":20,"column":32},"end":{"line":20,"column":33}},"loc":{"start":{"line":20,"column":49},"end":{"line":20,"column":77}}},"4":{"name":"(anonymous_6)","decl":{"start":{"line":27,"column":13},"end":{"line":27,"column":16}},"loc":{"start":{"line":27,"column":19},"end":{"line":27,"column":41}}},"5":{"name":"(anonymous_7)","decl":{"start":{"line":32,"column":13},"end":{"line":32,"column":16}},"loc":{"start":{"line":32,"column":19},"end":{"line":32,"column":41}}}},"branchMap":{},"s":{"0":37,"1":37,"2":37,"3":37,"4":37,"5":37,"6":0,"7":0,"8":37,"9":0,"10":0,"11":37,"12":0,"13":37,"14":0,"15":37,"16":37},"f":{"0":0,"1":0,"2":0,"3":0,"4":0,"5":0},"b":{}}
}
